<?xml version="1.0" encoding="utf-8"?><testsuites name="pytest tests"><testsuite name="pytest" errors="0" failures="0" skipped="0" tests="24" time="5.350" timestamp="2026-05-26T20:57:45.162719+00:00" hostname="agent-env-5fea00b5-37f3-49c5-9521-8e803208718f"><testcase classname="backend.tests.test_admin_console.TestAuthRBAC" name="test_admin_login_sets_cookie" time="0.498" /><testcase classname="backend.tests.test_admin_console.TestAuthRBAC" name="test_non_admin_forbidden_on_admin_endpoints" time="0.889" /><testcase classname="backend.tests.test_admin_console.TestCMS" name="test_list_cms_returns_25_plus" time="0.406" /><testcase classname="backend.tests.test_admin_console.TestCMS" name="test_upsert_cms_override_and_reset" time="0.356" /><testcase classname="backend.tests.test_admin_console.TestCMS" name="test_cms_public_no_auth" time="0.109" /><testcase classname="backend.tests.test_admin_console.TestEmailTemplates" name="test_list_returns_5_templates" time="0.052" /><testcase classname="backend.tests.test_admin_console.TestEmailTemplates" name="test_update_and_reset" time="0.206" /><testcase classname="backend.tests.test_admin_console.TestEmailTemplates" name="test_update_unknown_template_404" time="0.051" /><testcase classname="backend.tests.test_admin_console.TestZones" name="test_list_zones_170_plus" time="0.060" /><testcase classname="backend.tests.test_admin_console.TestZones" name="test_add_toggle_remove_custom_zone" time="0.324" /><testcase classname="backend.tests.test_admin_console.TestTrustWeights" name="test_get_default_sums_to_one" time="0.049" /><testcase classname="backend.tests.test_admin_console.TestTrustWeights" name="test_put_rejects_bad_sum" time="0.087" /><testcase classname="backend.tests.test_admin_console.TestTrustWeights" name="test_put_accepts_valid" time="0.118" /><testcase classname="backend.tests.test_admin_console.TestSettings" name="test_get_settings_defaults" time="0.188" /><testcase classname="backend.tests.test_admin_console.TestSettings" name="test_partial_update" time="0.239" /><testcase classname="backend.tests.test_admin_console.TestUsers" name="test_list_filtered" time="0.070" /><testcase classname="backend.tests.test_admin_console.TestUsers" name="test_patch_and_ban_unban" time="0.202" /><testcase classname="backend.tests.test_admin_console.TestMisc" name="test_global_search" time="0.264" /><testcase classname="backend.tests.test_admin_console.TestMisc" name="test_finance_overview" time="0.057" /><testcase classname="backend.tests.test_admin_console.TestMisc" name="test_projects_list" time="0.077" /><testcase classname="backend.tests.test_admin_console.TestMisc" name="test_activity_feed" time="0.071" /><testcase classname="backend.tests.test_admin_console.TestCSVExports" name="test_csv_export[/api/admin/export/users.csv]" time="0.122" /><testcase classname="backend.tests.test_admin_console.TestCSVExports" name="test_csv_export[/api/admin/export/transactions.csv]" time="0.597" /><testcase classname="backend.tests.test_admin_console.TestCSVExports" name="test_csv_export[/api/admin/export/disputes.csv]" time="0.060" /></testsuite></testsuites>