<?xml version="1.0" encoding="utf-8"?><testsuites name="pytest tests"><testsuite name="pytest" errors="0" failures="1" skipped="0" tests="11" time="2.864" timestamp="2026-06-04T01:01:04.566159+00:00" hostname="agent-env-5fea00b5-37f3-49c5-9521-8e803208718f"><testcase classname="backend.tests.test_autonomy_engine.TestAutonomyScore" name="test_score_admin_ok" time="1.166" /><testcase classname="backend.tests.test_autonomy_engine.TestAutonomyScore" name="test_score_non_admin_403" time="0.411" /><testcase classname="backend.tests.test_autonomy_engine.TestAutonomyScore" name="test_score_unauth_401" time="0.171" /><testcase classname="backend.tests.test_autonomy_engine.TestAutonomySnapshotHistory" name="test_snapshot_then_history_count_increases" time="0.351" /><testcase classname="backend.tests.test_autonomy_engine.TestAutonomySnapshotHistory" name="test_history_non_admin_403" time="0.056" /><testcase classname="backend.tests.test_autonomy_engine.TestAutonomyTargets" name="test_get_targets" time="0.063" /><testcase classname="backend.tests.test_autonomy_engine.TestAutonomyTargets" name="test_put_targets_normalize_and_persist" time="0.330" /><testcase classname="backend.tests.test_autonomy_engine.TestAutonomyTargets" name="test_put_targets_zero_weights_rejected" time="0.072" /><testcase classname="backend.tests.test_autonomy_engine.TestAutonomyTargets" name="test_targets_non_admin_403" time="0.048" /><testcase classname="backend.tests.test_autonomy_engine.TestNoRegression" name="test_ai_control_overview" time="0.071" /><testcase classname="backend.tests.test_autonomy_engine.TestNoRegression" name="test_admin_healthcheck" time="0.062"><failure message="AssertionError: {&quot;detail&quot;:&quot;Not Found&quot;}&#10;assert 404 == 200&#10; +  where 404 = &lt;Response [404]&gt;.status_code">backend/tests/test_autonomy_engine.py:219: in test_admin_healthcheck
    assert r.status_code == 200, r.text
E   AssertionError: {"detail":"Not Found"}
E   assert 404 == 200
E    +  where 404 = &lt;Response [404]&gt;.status_code</failure></testcase></testsuite></testsuites>