<?xml version="1.0" encoding="utf-8"?><testsuites name="pytest tests"><testsuite name="pytest" errors="0" failures="0" skipped="0" tests="13" time="9.062" timestamp="2026-05-27T20:16:07.575164+00:00" hostname="agent-env-5fea00b5-37f3-49c5-9521-8e803208718f"><testcase classname="backend.tests.test_concierge_refactor.TestUserConciergeEndpoints" name="test_settings_public" time="0.545" /><testcase classname="backend.tests.test_concierge_refactor.TestUserConciergeEndpoints" name="test_chat_greeting" time="7.290" /><testcase classname="backend.tests.test_concierge_refactor.TestUserConciergeEndpoints" name="test_history" time="0.053" /><testcase classname="backend.tests.test_concierge_refactor.TestSafetyFilters" name="test_prompt_injection_blocked" time="0.059" /><testcase classname="backend.tests.test_concierge_refactor.TestSafetyFilters" name="test_sensitive_request_blocked" time="0.056" /><testcase classname="backend.tests.test_concierge_refactor.TestSafetyFilters" name="test_escalation_refund" time="0.058" /><testcase classname="backend.tests.test_concierge_refactor.TestPIIRedaction" name="test_redact_email_in_helper" time="0.077" /><testcase classname="backend.tests.test_concierge_refactor.TestPIIRedaction" name="test_redact_phone_in_helper" time="0.000" /><testcase classname="backend.tests.test_concierge_refactor.TestAdminConciergeEndpoints" name="test_get_settings" time="0.449" /><testcase classname="backend.tests.test_concierge_refactor.TestAdminConciergeEndpoints" name="test_list_conversations" time="0.067" /><testcase classname="backend.tests.test_concierge_refactor.TestAdminConciergeEndpoints" name="test_stats" time="0.091" /><testcase classname="backend.tests.test_concierge_refactor.TestAdminConciergeEndpoints" name="test_update_settings" time="0.117" /><testcase classname="backend.tests.test_concierge_refactor.TestAdminConciergeEndpoints" name="test_block_and_unblock_user" time="0.115" /></testsuite></testsuites>