<?xml version="1.0" encoding="utf-8"?><testsuites name="pytest tests"><testsuite name="pytest" errors="0" failures="0" skipped="0" tests="18" time="6.011" timestamp="2026-06-20T11:08:37.166199+00:00" hostname="agent-env-5fea00b5-37f3-49c5-9521-8e803208718f"><testcase classname="backend.tests.test_phase_gdpr_auth_extension.TestRegisterConsent" name="test_register_without_terms_returns_400" time="0.666" /><testcase classname="backend.tests.test_phase_gdpr_auth_extension.TestRegisterConsent" name="test_register_without_privacy_returns_400" time="0.104" /><testcase classname="backend.tests.test_phase_gdpr_auth_extension.TestRegisterConsent" name="test_register_full_consent_success_and_audit_log" time="0.580" /><testcase classname="backend.tests.test_phase_gdpr_auth_extension.TestEmailVerification" name="test_verify_email_full_flow" time="0.783" /><testcase classname="backend.tests.test_phase_gdpr_auth_extension.TestEmailVerification" name="test_verify_email_invalid_token" time="0.096" /><testcase classname="backend.tests.test_phase_gdpr_auth_extension.TestEmailVerification" name="test_resend_verification_and_rate_limit" time="0.623" /><testcase classname="backend.tests.test_phase_gdpr_auth_extension.TestConsentPatch" name="test_update_marketing_consent" time="0.617" /><testcase classname="backend.tests.test_phase_gdpr_auth_extension.TestCookieConsent" name="test_anonymous_cookie_consent" time="0.095" /><testcase classname="backend.tests.test_phase_gdpr_auth_extension.TestCookieConsent" name="test_authenticated_cookie_consent_updates_user" time="0.568" /><testcase classname="backend.tests.test_phase_gdpr_auth_extension.TestAdminUsersFilters" name="test_filter_email_verified_false" time="0.352" /><testcase classname="backend.tests.test_phase_gdpr_auth_extension.TestAdminUsersFilters" name="test_filter_phone_verified_true" time="0.082" /><testcase classname="backend.tests.test_phase_gdpr_auth_extension.TestAdminUsersFilters" name="test_filter_marketing_consent_true" time="0.082" /><testcase classname="backend.tests.test_phase_gdpr_auth_extension.TestBackfill" name="test_seeded_users_grandfathered[admin@propmanage.io]" time="0.003" /><testcase classname="backend.tests.test_phase_gdpr_auth_extension.TestBackfill" name="test_seeded_users_grandfathered[client@propmanage.io]" time="0.001" /><testcase classname="backend.tests.test_phase_gdpr_auth_extension.TestBackfill" name="test_seeded_users_grandfathered[specialist@propmanage.io]" time="0.001" /><testcase classname="backend.tests.test_phase_gdpr_auth_extension.TestLoginRegression" name="test_login_succeeds[admin@propmanage.io-Admin123!]" time="0.447" /><testcase classname="backend.tests.test_phase_gdpr_auth_extension.TestLoginRegression" name="test_login_succeeds[client@propmanage.io-Client123!]" time="0.409" /><testcase classname="backend.tests.test_phase_gdpr_auth_extension.TestLoginRegression" name="test_login_succeeds[specialist@propmanage.io-Spec123!]" time="0.368" /></testsuite></testsuites>