<?xml version="1.0" encoding="utf-8"?><testsuites name="pytest tests"><testsuite name="pytest" errors="0" failures="0" skipped="0" tests="24" time="4.386" timestamp="2026-06-23T05:21:34.215920+00:00" hostname="agent-env-5fea00b5-37f3-49c5-9521-8e803208718f"><testcase classname="backend.tests.test_house_health.TestF1Eligibility" name="test_eligibility_for_client" time="2.361" /><testcase classname="backend.tests.test_house_health.TestF1Eligibility" name="test_dashboard_not_locked" time="0.051" /><testcase classname="backend.tests.test_house_health.TestF1Eligibility" name="test_equipment_catalog" time="0.051" /><testcase classname="backend.tests.test_house_health.TestF2Documents" name="test_upload_local_doc" time="0.053" /><testcase classname="backend.tests.test_house_health.TestF2Documents" name="test_reject_invalid_category" time="0.050" /><testcase classname="backend.tests.test_house_health.TestF2Documents" name="test_upload_external_link" time="0.053" /><testcase classname="backend.tests.test_house_health.TestF2Documents" name="test_reject_both_file_and_link" time="0.050" /><testcase classname="backend.tests.test_house_health.TestF2Documents" name="test_reject_neither" time="0.051" /><testcase classname="backend.tests.test_house_health.TestF2Documents" name="test_list_docs_owner" time="0.048" /><testcase classname="backend.tests.test_house_health.TestF2Documents" name="test_list_docs_403_for_non_owner" time="0.372" /><testcase classname="backend.tests.test_house_health.TestF2Documents" name="test_delete_doc_404_for_non_owner" time="0.042" /><testcase classname="backend.tests.test_house_health.TestF2Documents" name="test_delete_docs_owner" time="0.101" /><testcase classname="backend.tests.test_house_health.TestF3Evaluations" name="test_client_cannot_create_evaluation" time="0.050" /><testcase classname="backend.tests.test_house_health.TestF3Evaluations" name="test_specialist_create_eval" time="0.045" /><testcase classname="backend.tests.test_house_health.TestF3Evaluations" name="test_specialist_upload_attachment" time="0.049" /><testcase classname="backend.tests.test_house_health.TestF3Evaluations" name="test_submit_eval" time="0.050" /><testcase classname="backend.tests.test_house_health.TestF3Evaluations" name="test_non_admin_cannot_approve" time="0.045" /><testcase classname="backend.tests.test_house_health.TestF3Evaluations" name="test_admin_approve" time="0.386" /><testcase classname="backend.tests.test_house_health.TestF3Evaluations" name="test_create_and_reject_eval" time="0.140" /><testcase classname="backend.tests.test_house_health.TestF3Evaluations" name="test_history_includes_approved" time="0.055" /><testcase classname="backend.tests.test_house_health.TestF3Evaluations" name="test_list_evals_client_requires_twin" time="0.048" /><testcase classname="backend.tests.test_house_health.TestF3Evaluations" name="test_list_evals_client_owner" time="0.052" /><testcase classname="backend.tests.test_house_health.TestF3Evaluations" name="test_list_evals_specialist_only_own" time="0.044" /><testcase classname="backend.tests.test_house_health.TestF3Evaluations" name="test_list_evals_admin_sees_all" time="0.081" /></testsuite></testsuites>