<?xml version="1.0" encoding="utf-8"?><testsuites name="pytest tests"><testsuite name="pytest" errors="0" failures="0" skipped="0" tests="6" time="1.518" timestamp="2026-06-03T18:16:52.675394+00:00" hostname="agent-env-5fea00b5-37f3-49c5-9521-8e803208718f"><testcase classname="backend.tests.test_verified_estate_iter46.TestLatLngOnListings" name="test_listings_have_lat_lng_for_seeds" time="0.636" /><testcase classname="backend.tests.test_verified_estate_iter46.TestCheckoutAutoDraft" name="test_demo_checkout_creates_draft_listing" time="0.544" /><testcase classname="backend.tests.test_verified_estate_iter46.TestCheckoutAutoDraft" name="test_demo_checkout_audit_only_flags" time="0.105" /><testcase classname="backend.tests.test_verified_estate_iter46.TestEmailNotificationHooks" name="test_inquiry_returns_ok_and_admin_email_fired" time="0.105" /><testcase classname="backend.tests.test_verified_estate_iter46.TestEmailNotificationHooks" name="test_external_audit_returns_ok" time="0.052" /><testcase classname="backend.tests.test_verified_estate_iter46.TestEmailNotificationHooks" name="test_checkout_returns_ok" time="0.056" /></testsuite></testsuites>