<?xml version="1.0" encoding="utf-8"?><testsuites name="pytest tests"><testsuite name="pytest" errors="0" failures="0" skipped="0" tests="6" time="6.615" timestamp="2026-06-20T19:30:26.573364+00:00" hostname="agent-env-5fea00b5-37f3-49c5-9521-8e803208718f"><testcase classname="backend.tests.test_iter63_welcome_topic.TestSpecialistWelcomeTopic" name="test_specialist_register_creates_welcome_topic" time="2.181" /><testcase classname="backend.tests.test_iter63_welcome_topic.TestSpecialistWelcomeTopic" name="test_idempotency_duplicate_email_fails" time="2.148" /><testcase classname="backend.tests.test_iter63_welcome_topic.TestClientWelcomeTopic" name="test_client_register_creates_welcome_topic" time="1.550" /><testcase classname="backend.tests.test_iter63_welcome_topic.TestCommunityRegression" name="test_stats_endpoint" time="0.122" /><testcase classname="backend.tests.test_iter63_welcome_topic.TestCommunityRegression" name="test_topics_list_forum" time="0.101" /><testcase classname="backend.tests.test_iter63_welcome_topic.TestCommunityRegression" name="test_client_login_create_reply_like_flow" time="0.470" /></testsuite></testsuites>