<?xml version="1.0" encoding="utf-8"?><testsuites name="pytest tests"><testsuite name="pytest" errors="0" failures="0" skipped="0" tests="17" time="7.020" timestamp="2026-05-27T22:11:58.512854+00:00" hostname="agent-env-5fea00b5-37f3-49c5-9521-8e803208718f"><testcase classname="backend.tests.test_phase_imp_impersonation.TestStartImpersonation" name="test_impersonate_client_success" time="1.102" /><testcase classname="backend.tests.test_phase_imp_impersonation.TestStartImpersonation" name="test_reason_too_short_422" time="0.050" /><testcase classname="backend.tests.test_phase_imp_impersonation.TestStartImpersonation" name="test_cannot_impersonate_admin_403" time="0.148" /><testcase classname="backend.tests.test_phase_imp_impersonation.TestStartImpersonation" name="test_double_impersonation_409" time="0.499" /><testcase classname="backend.tests.test_phase_imp_impersonation.TestStartImpersonation" name="test_non_admin_403" time="0.425" /><testcase classname="backend.tests.test_phase_imp_impersonation.TestStartImpersonation" name="test_anonymous_401" time="0.183" /><testcase classname="backend.tests.test_phase_imp_impersonation.TestDangerousEndpointsBlocked" name="test_change_password_blocked" time="0.489" /><testcase classname="backend.tests.test_phase_imp_impersonation.TestDangerousEndpointsBlocked" name="test_account_delete_blocked" time="0.484" /><testcase classname="backend.tests.test_phase_imp_impersonation.TestDangerousEndpointsBlocked" name="test_2fa_setup_blocked" time="0.497" /><testcase classname="backend.tests.test_phase_imp_impersonation.TestDangerousEndpointsBlocked" name="test_2fa_verify_blocked" time="0.486" /><testcase classname="backend.tests.test_phase_imp_impersonation.TestDangerousEndpointsBlocked" name="test_2fa_disable_blocked" time="0.511" /><testcase classname="backend.tests.test_phase_imp_impersonation.TestStopImpersonation" name="test_full_cycle" time="1.686" /><testcase classname="backend.tests.test_phase_imp_impersonation.TestStopImpersonation" name="test_stop_without_impersonation_400" time="0.061" /><testcase classname="backend.tests.test_phase_imp_impersonation.TestImpersonationLogsList" name="test_list_logs" time="0.052" /><testcase classname="backend.tests.test_phase_imp_impersonation.TestImpersonationLogsList" name="test_non_admin_blocked" time="0.056" /><testcase classname="backend.tests.test_phase_imp_impersonation.TestAccessHistory" name="test_client_sees_own_history_no_pii" time="0.058" /><testcase classname="backend.tests.test_phase_imp_impersonation.TestAccessHistory" name="test_anonymous_blocked" time="0.129" /></testsuite></testsuites>