<?xml version="1.0" encoding="utf-8"?><testsuites name="pytest tests"><testsuite name="pytest" errors="0" failures="0" skipped="0" tests="19" time="7.004" timestamp="2026-06-20T20:31:31.418606+00:00" hostname="agent-env-5fea00b5-37f3-49c5-9521-8e803208718f"><testcase classname="backend.tests.test_iter64_tier_seed" name="test_tier_user_present[client.junior@propmanage.io-client-JUNIOR-None-None-None]" time="2.944" /><testcase classname="backend.tests.test_iter64_tier_seed" name="test_tier_user_present[client.verified@propmanage.io-client-VERIFIED-None-None-None]" time="0.047" /><testcase classname="backend.tests.test_iter64_tier_seed" name="test_tier_user_present[client.premium@propmanage.io-client-PREMIUM-None-None-None]" time="0.045" /><testcase classname="backend.tests.test_iter64_tier_seed" name="test_tier_user_present[spec.entry@propmanage.io-specialist-ENTRY-False-0-0]" time="0.047" /><testcase classname="backend.tests.test_iter64_tier_seed" name="test_tier_user_present[spec.junior@propmanage.io-specialist-JUNIOR-False-3-3]" time="0.046" /><testcase classname="backend.tests.test_iter64_tier_seed" name="test_tier_user_present[spec.verified@propmanage.io-specialist-VERIFIED-True-8-8]" time="0.046" /><testcase classname="backend.tests.test_iter64_tier_seed" name="test_tier_user_present[spec.advanced@propmanage.io-specialist-ADVANCED-True-25-25]" time="0.084" /><testcase classname="backend.tests.test_iter64_tier_seed" name="test_tier_user_present[spec.premium@propmanage.io-specialist-PREMIUM-True-62-62]" time="0.048" /><testcase classname="backend.tests.test_iter64_tier_seed" name="test_tier_user_present[spec.top@propmanage.io-specialist-TOP-True-138-138]" time="0.047" /><testcase classname="backend.tests.test_iter64_tier_seed" name="test_tier_user_login_with_demo_pass[client.junior@propmanage.io]" time="0.330" /><testcase classname="backend.tests.test_iter64_tier_seed" name="test_tier_user_login_with_demo_pass[client.verified@propmanage.io]" time="0.321" /><testcase classname="backend.tests.test_iter64_tier_seed" name="test_tier_user_login_with_demo_pass[client.premium@propmanage.io]" time="0.318" /><testcase classname="backend.tests.test_iter64_tier_seed" name="test_tier_user_login_with_demo_pass[spec.entry@propmanage.io]" time="0.368" /><testcase classname="backend.tests.test_iter64_tier_seed" name="test_tier_user_login_with_demo_pass[spec.junior@propmanage.io]" time="0.322" /><testcase classname="backend.tests.test_iter64_tier_seed" name="test_tier_user_login_with_demo_pass[spec.verified@propmanage.io]" time="0.343" /><testcase classname="backend.tests.test_iter64_tier_seed" name="test_tier_user_login_with_demo_pass[spec.advanced@propmanage.io]" time="0.318" /><testcase classname="backend.tests.test_iter64_tier_seed" name="test_tier_user_login_with_demo_pass[spec.premium@propmanage.io]" time="0.322" /><testcase classname="backend.tests.test_iter64_tier_seed" name="test_tier_user_login_with_demo_pass[spec.top@propmanage.io]" time="0.318" /><testcase classname="backend.tests.test_iter64_tier_seed" name="test_regression_base_demo_logins" time="0.658" /></testsuite></testsuites>