<?xml version="1.0" encoding="utf-8"?><testsuites name="pytest tests"><testsuite name="pytest" errors="0" failures="0" skipped="0" tests="12" time="4.751" timestamp="2026-05-27T19:51:09.173131+00:00" hostname="agent-env-5fea00b5-37f3-49c5-9521-8e803208718f"><testcase classname="backend.tests.test_phase_h_anchors.TestDefaults" name="test_new_pin_has_empty_plan_anchors" time="0.616" /><testcase classname="backend.tests.test_phase_h_anchors.TestCreateAnchor" name="test_create_anchor_success" time="0.226" /><testcase classname="backend.tests.test_phase_h_anchors.TestCreateAnchor" name="test_create_anchor_replaces_same_page" time="0.162" /><testcase classname="backend.tests.test_phase_h_anchors.TestCreateAnchor" name="test_validation_xy_out_of_range" time="0.264" /><testcase classname="backend.tests.test_phase_h_anchors.TestCreateAnchor" name="test_validation_page_out_of_range" time="0.762" /><testcase classname="backend.tests.test_phase_h_anchors.TestCreateAnchor" name="test_plan_id_other_project_404" time="0.238" /><testcase classname="backend.tests.test_phase_h_anchors.TestCreateAnchor" name="test_pin_not_found_404" time="0.056" /><testcase classname="backend.tests.test_phase_h_anchors.TestDeleteAnchor" name="test_delete_anchor_admin" time="0.169" /><testcase classname="backend.tests.test_phase_h_anchors.TestDeleteAnchor" name="test_delete_anchor_not_found" time="0.111" /><testcase classname="backend.tests.test_phase_h_anchors.TestDeleteAnchor" name="test_delete_anchor_non_owner_403" time="1.273" /><testcase classname="backend.tests.test_phase_h_anchors.TestSubscriptionGate" name="test_client_anchor_403" time="0.488" /><testcase classname="backend.tests.test_phase_h_anchors.TestSubscriptionGate" name="test_client_delete_anchor_403" time="0.254" /></testsuite></testsuites>