<?xml version="1.0" encoding="utf-8"?><testsuites name="pytest tests"><testsuite name="pytest" errors="0" failures="1" skipped="0" tests="20" time="24.025" timestamp="2026-05-29T15:29:08.807501+00:00" hostname="agent-env-5fea00b5-37f3-49c5-9521-8e803208718f"><testcase classname="backend.tests.test_phase33_new_features.TestKnowledgeBasePhased" name="test_pdf_renders[specialist]" time="1.037" /><testcase classname="backend.tests.test_phase33_new_features.TestKnowledgeBasePhased" name="test_pdf_renders[operator]" time="0.068" /><testcase classname="backend.tests.test_phase33_new_features.TestKnowledgeBasePhased" name="test_pdf_renders[admin]" time="0.080" /><testcase classname="backend.tests.test_phase33_new_features.TestKnowledgeBasePhased" name="test_pdf_renders[qa-testing]" time="0.129" /><testcase classname="backend.tests.test_phase33_new_features.TestKnowledgeBasePhased" name="test_markdown_renders[specialist]" time="0.053" /><testcase classname="backend.tests.test_phase33_new_features.TestKnowledgeBasePhased" name="test_markdown_renders[operator]" time="0.050" /><testcase classname="backend.tests.test_phase33_new_features.TestKnowledgeBasePhased" name="test_markdown_renders[admin]" time="0.057" /><testcase classname="backend.tests.test_phase33_new_features.TestKnowledgeBasePhased" name="test_markdown_renders[qa-testing]" time="0.051" /><testcase classname="backend.tests.test_phase33_new_features.TestOnboardingDrip" name="test_register_specialist_enqueues_3_rows" time="1.408" /><testcase classname="backend.tests.test_phase33_new_features.TestOnboardingDrip" name="test_dispatch_now_returns_summary" time="0.055" /><testcase classname="backend.tests.test_phase33_new_features.TestOnboardingDrip" name="test_cancel_user_rows" time="0.055" /><testcase classname="backend.tests.test_phase33_new_features.TestQAPlaybook" name="test_checklist_template_105_items" time="0.055" /><testcase classname="backend.tests.test_phase33_new_features.TestQAPlaybook" name="test_create_run_has_105_pending" time="0.062" /><testcase classname="backend.tests.test_phase33_new_features.TestQAPlaybook" name="test_patch_check_updates_summary" time="0.073" /><testcase classname="backend.tests.test_phase33_new_features.TestQAPlaybook" name="test_run_markdown" time="0.051" /><testcase classname="backend.tests.test_phase33_new_features.TestQAPlaybook" name="test_ai_suggest" time="20.049" /><testcase classname="backend.tests.test_phase33_new_features.TestQAPlaybook" name="test_close_run" time="0.126"><failure message="AssertionError: closed_at not set: None&#10;assert None is not None&#10; +  where None = &lt;built-in method get of dict object at 0xfc18126b0740&gt;('closed_at')&#10; +    where &lt;built-in method get of dict object at 0xfc18126b0740&gt; = {'run': {'checks': [{'category': 'CLIENT', 'code': 'C-01', 'description': 'Înregistrare cu email nou + parolă validă → verifică inbox primește welcome email + ghid Client v1.0 ca PDF atașat', 'id': '87b77416-55ed-449b-8a68-e3d37a30bb13', ...}, {'category': 'CLIENT', 'code': 'C-02', 'description': 'Înregistrare cu email deja existent → mesaj clar &quot;Acest email există deja, vrei să te conectezi?&quot;', 'id': '0e51bec3-f87a-43d9-a608-a89c97e893aa', ...}, {'category': 'CLIENT', 'code': 'C-03', 'description': 'Înregistrare cu parolă &lt; 8 caractere → mesaj eroar specific', 'id': '0634aec0-7d7a-45e7-8787-eca8b2f49e5c', ...}, {'category': 'CLIENT', 'code': 'C-04', 'description': 'Înregistrare cu nume conținând diacritice (Ăăâîșț) → numele se salvează corect', 'id': 'af588bfc-3c4b-4720-8c2e-5a541a9e51bc', ...}, {'category': 'CLIENT', 'code': 'C-05', 'description': 'Login cu Google OAuth → cont nou creat automat + ghid trimis pe email', 'id': '0f4f2d9b-0a3e-40ed-b0b3-85d1804510ca', ...}, {'category': 'CLIENT', 'code': 'C-06', 'description': 'Reset parolă: cere → primește email → click link → setează parolă nouă → login funcționează', 'id': '2afc2fdf-0843-4721-9ead-2e950fc608a5', ...}, ...], 'closed_at': '2026-05-29T15:29:32.232466+00:00', 'created_at': '2026-05-29T15:29:11.990977+00:00', 'created_by': '6a11d70e600be19667009c91', ...}, 'summary': {'by_status': {'fail': 0, 'pass': 1, 'pending': 104, 'skip': 0}, 'closed': 1, 'p0_fail': 0, 'p1_fail': 0, ...}}.get">E   AssertionError: closed_at not set: None
    assert None is not None
     +  where None = &lt;built-in method get of dict object at 0xfc18126b0740&gt;('closed_at')
     +    where &lt;built-in method get of dict object at 0xfc18126b0740&gt; = {'run': {'checks': [{'category': 'CLIENT', 'code': 'C-01', 'description': 'Înregistrare cu email nou + parolă validă → verifică inbox primește welcome email + ghid Client v1.0 ca PDF atașat', 'id': '87b77416-55ed-449b-8a68-e3d37a30bb13', ...}, {'category': 'CLIENT', 'code': 'C-02', 'description': 'Înregistrare cu email deja existent → mesaj clar "Acest email există deja, vrei să te conectezi?"', 'id': '0e51bec3-f87a-43d9-a608-a89c97e893aa', ...}, {'category': 'CLIENT', 'code': 'C-03', 'description': 'Înregistrare cu parolă &lt; 8 caractere → mesaj eroar specific', 'id': '0634aec0-7d7a-45e7-8787-eca8b2f49e5c', ...}, {'category': 'CLIENT', 'code': 'C-04', 'description': 'Înregistrare cu nume conținând diacritice (Ăăâîșț) → numele se salvează corect', 'id': 'af588bfc-3c4b-4720-8c2e-5a541a9e51bc', ...}, {'category': 'CLIENT', 'code': 'C-05', 'description': 'Login cu Google OAuth → cont nou creat automat + ghid trimis pe email', 'id': '0f4f2d9b-0a3e-40ed-b0b3-85d1804510ca', ...}, {'category': 'CLIENT', 'code': 'C-06', 'description': 'Reset parolă: cere → primește email → click link → setează parolă nouă → login funcționează', 'id': '2afc2fdf-0843-4721-9ead-2e950fc608a5', ...}, ...], 'closed_at': '2026-05-29T15:29:32.232466+00:00', 'created_at': '2026-05-29T15:29:11.990977+00:00', 'created_by': '6a11d70e600be19667009c91', ...}, 'summary': {'by_status': {'fail': 0, 'pass': 1, 'pending': 104, 'skip': 0}, 'closed': 1, 'p0_fail': 0, 'p1_fail': 0, ...}}.get</failure></testcase><testcase classname="backend.tests.test_phase33_new_features.TestAuthGuards" name="test_non_admin_blocked_qa" time="0.407" /><testcase classname="backend.tests.test_phase33_new_features.TestAuthGuards" name="test_non_admin_blocked_onboarding" time="0.051" /><testcase classname="backend.tests.test_phase33_new_features.TestCleanup" name="test_cleanup_qa_runs" time="0.054" /></testsuite></testsuites>