<?xml version="1.0" encoding="utf-8"?><testsuites name="pytest tests"><testsuite name="pytest" errors="0" failures="0" skipped="0" tests="9" time="3.779" timestamp="2026-06-04T01:29:53.127862+00:00" hostname="agent-env-5fea00b5-37f3-49c5-9521-8e803208718f"><testcase classname="backend.tests.test_phase75_auto_match.TestAuth" name="test_preview_requires_admin" time="0.906" /><testcase classname="backend.tests.test_phase75_auto_match.TestAuth" name="test_run_requires_admin" time="0.052" /><testcase classname="backend.tests.test_phase75_auto_match.TestPreview" name="test_preview_returns_expected_shape" time="0.426" /><testcase classname="backend.tests.test_phase75_auto_match.TestDryRun" name="test_dry_run_does_not_mutate" time="0.199" /><testcase classname="backend.tests.test_phase75_auto_match.TestMinRatingFilter" name="test_high_min_rating_skips_with_reason" time="0.064" /><testcase classname="backend.tests.test_phase75_auto_match.TestRealRun" name="test_real_run_assigns_and_signal_increases" time="1.440" /><testcase classname="backend.tests.test_phase75_auto_match.TestRegression" name="test_autonomy_snapshot" time="0.074" /><testcase classname="backend.tests.test_phase75_auto_match.TestRegression" name="test_autonomy_score" time="0.062" /><testcase classname="backend.tests.test_phase75_auto_match.TestRegression" name="test_smoke_test_run" time="0.533" /></testsuite></testsuites>