<?xml version="1.0" encoding="utf-8"?><testsuites name="pytest tests"><testsuite name="pytest" errors="0" failures="0" skipped="0" tests="7" time="7.019" timestamp="2026-05-29T16:10:42.597833+00:00" hostname="agent-env-5fea00b5-37f3-49c5-9521-8e803208718f"><testcase classname="backend.tests.test_phase34_automation.TestAutomationCatalog" name="test_catalog_returns_14_items" time="1.128" /><testcase classname="backend.tests.test_phase34_automation.TestExecuteNoRun" name="test_execute_3_http_no_run" time="0.992" /><testcase classname="backend.tests.test_phase34_automation.TestExecuteWithRun" name="test_execute_writes_check_into_run" time="0.326" /><testcase classname="backend.tests.test_phase34_automation.TestAddCheck" name="test_add_custom_check_then_idempotent" time="0.185" /><testcase classname="backend.tests.test_phase34_automation.TestBrowserAutomation" name="test_three_browser_tests_pass" time="3.867" /><testcase classname="backend.tests.test_phase34_automation.TestRBAC" name="test_client_blocked_from_catalog" time="0.445" /><testcase classname="backend.tests.test_phase34_automation.TestRBAC" name="test_client_blocked_from_execute" time="0.055" /></testsuite></testsuites>