<?xml version="1.0" encoding="utf-8"?><testsuites name="pytest tests"><testsuite name="pytest" errors="0" failures="0" skipped="0" tests="19" time="4.841" timestamp="2026-05-27T21:21:24.114904+00:00" hostname="agent-env-5fea00b5-37f3-49c5-9521-8e803208718f"><testcase classname="tests.test_phase_i_plus_auto_reminders.TestReminderSettingsPatch" name="test_patch_only_enabled" time="0.635" /><testcase classname="tests.test_phase_i_plus_auto_reminders.TestReminderSettingsPatch" name="test_patch_only_thresholds" time="0.104" /><testcase classname="tests.test_phase_i_plus_auto_reminders.TestReminderSettingsPatch" name="test_patch_only_paused_until" time="0.107" /><testcase classname="tests.test_phase_i_plus_auto_reminders.TestReminderSettingsPatch" name="test_patch_only_stopped" time="0.103" /><testcase classname="tests.test_phase_i_plus_auto_reminders.TestReminderSettingsValidation" name="test_empty_thresholds_array_returns_400" time="0.121" /><testcase classname="tests.test_phase_i_plus_auto_reminders.TestReminderSettingsValidation" name="test_out_of_range_thresholds_silently_filtered" time="0.053" /><testcase classname="tests.test_phase_i_plus_auto_reminders.TestReminderSettingsValidation" name="test_all_out_of_range_returns_400" time="0.052" /><testcase classname="tests.test_phase_i_plus_auto_reminders.TestReminderSettingsValidation" name="test_invalid_date_format" time="0.056" /><testcase classname="tests.test_phase_i_plus_auto_reminders.TestReminderSettingsValidation" name="test_empty_payload_returns_400" time="0.053" /><testcase classname="tests.test_phase_i_plus_auto_reminders.TestReminderSettingsValidation" name="test_clear_paused_until_with_empty_string" time="0.110" /><testcase classname="tests.test_phase_i_plus_auto_reminders.TestReminderSettingsSecurity" name="test_client_cannot_patch_admin_report" time="0.521" /><testcase classname="tests.test_phase_i_plus_auto_reminders.TestAdminEndpoints" name="test_run_now_admin_returns_summary" time="0.057" /><testcase classname="tests.test_phase_i_plus_auto_reminders.TestAdminEndpoints" name="test_run_now_non_admin_forbidden" time="0.063" /><testcase classname="tests.test_phase_i_plus_auto_reminders.TestAdminEndpoints" name="test_last_run_admin_returns_summary" time="0.184" /><testcase classname="tests.test_phase_i_plus_auto_reminders.TestSchedulerLogic" name="test_backdated_report_fires_thresholds_progressively" time="0.829" /><testcase classname="tests.test_phase_i_plus_auto_reminders.TestSchedulerLogic" name="test_stopped_report_is_skipped" time="0.265" /><testcase classname="tests.test_phase_i_plus_auto_reminders.TestSchedulerLogic" name="test_paused_until_future_is_skipped" time="0.282" /><testcase classname="tests.test_phase_i_plus_auto_reminders.TestSchedulerLogic" name="test_enabled_false_is_skipped" time="0.273" /><testcase classname="tests.test_phase_i_plus_auto_reminders.TestAutoFireSideEffects" name="test_automatic_flag_and_notification" time="0.904" /></testsuite></testsuites>