<?xml version="1.0" encoding="utf-8"?><testsuites name="pytest tests"><testsuite name="pytest" errors="0" failures="1" skipped="2" tests="23" time="8.635" timestamp="2026-05-23T17:19:10.128563+00:00" hostname="agent-env-5fea00b5-37f3-49c5-9521-8e803208718f"><testcase classname="backend.tests.test_phase3.TestGoogleOAuth" name="test_missing_session_header" time="0.284" /><testcase classname="backend.tests.test_phase3.TestGoogleOAuth" name="test_invalid_session_id" time="0.269" /><testcase classname="backend.tests.test_phase3.TestWsToken" name="test_ws_token_unauthenticated" time="0.162" /><testcase classname="backend.tests.test_phase3.TestWsToken" name="test_ws_token_authenticated_client" time="0.383" /><testcase classname="backend.tests.test_phase3.TestWsToken" name="test_ws_token_authenticated_specialist" time="0.429" /><testcase classname="backend.tests.test_phase3.TestStripeCheckout" name="test_create_checkout_session" time="0.714"><failure message="AssertionError: checkout failed: 500 {&quot;detail&quot;:&quot;Stripe error: Invalid API Key provided: sk_test_****gent&quot;}&#10;assert 500 == 200&#10; +  where 500 = &lt;Response [500]&gt;.status_code">backend/tests/test_phase3.py:103: in test_create_checkout_session
    assert r.status_code == 200, f"checkout failed: {r.status_code} {r.text}"
E   AssertionError: checkout failed: 500 {"detail":"Stripe error: Invalid API Key provided: sk_test_****gent"}
E   assert 500 == 200
E    +  where 500 = &lt;Response [500]&gt;.status_code</failure></testcase><testcase classname="backend.tests.test_phase3.TestStripeCheckout" name="test_checkout_missing_origin" time="0.110" /><testcase classname="backend.tests.test_phase3.TestStripeCheckout" name="test_checkout_nonexistent_request" time="0.387" /><testcase classname="backend.tests.test_phase3.TestStripeCheckout" name="test_checkout_unauthorized_specialist" time="0.384" /><testcase classname="backend.tests.test_phase3.TestStripeCheckout" name="test_payment_status_unpaid" time="0.000"><skipped type="pytest.skip" message="checkout session not created in prior test">/app/backend/tests/test_phase3.py:154: checkout session not created in prior test</skipped></testcase><testcase classname="backend.tests.test_phase3.TestStripeCheckout" name="test_payment_status_not_found" time="0.386" /><testcase classname="backend.tests.test_phase3.TestChatHTTP" name="test_get_messages_as_owner_client" time="0.793" /><testcase classname="backend.tests.test_phase3.TestChatHTTP" name="test_get_messages_unauthorized_specialist" time="0.800" /><testcase classname="backend.tests.test_phase3.TestChatHTTP" name="test_get_messages_nonexistent_request" time="0.436" /><testcase classname="backend.tests.test_phase3.TestChatHTTP" name="test_get_messages_unauthenticated" time="0.116" /><testcase classname="backend.tests.test_phase3.TestWebSocketChat" name="test_ws_missing_token" time="0.162" /><testcase classname="backend.tests.test_phase3.TestWebSocketChat" name="test_ws_invalid_token" time="0.150" /><testcase classname="backend.tests.test_phase3.TestWebSocketChat" name="test_ws_client_send_receive_and_persistence" time="0.672" /><testcase classname="backend.tests.test_phase3.TestWebSocketChat" name="test_ws_specialist_not_assigned_rejected" time="0.408"><skipped type="pytest.skip" message="SPEC2 is the assigned specialist">/app/backend/tests/test_phase3.py:280: SPEC2 is the assigned specialist</skipped></testcase><testcase classname="backend.tests.test_phase3.TestRegression" name="test_login" time="0.333" /><testcase classname="backend.tests.test_phase3.TestRegression" name="test_properties" time="0.383" /><testcase classname="backend.tests.test_phase3.TestRegression" name="test_requests" time="0.384" /><testcase classname="backend.tests.test_phase3.TestRegression" name="test_auth_me_specialist" time="0.378" /></testsuite></testsuites>