<?xml version="1.0" encoding="utf-8"?><testsuites name="pytest tests"><testsuite name="pytest" errors="0" failures="0" skipped="0" tests="21" time="47.784" timestamp="2026-06-04T05:37:32.446598+00:00" hostname="agent-env-5fea00b5-37f3-49c5-9521-8e803208718f"><testcase classname="tests.test_phase78_weekly_briefing.TestAuth" name="test_anon_get_config_401" time="0.592" /><testcase classname="tests.test_phase78_weekly_briefing.TestAuth" name="test_client_get_config_403" time="0.379" /><testcase classname="tests.test_phase78_weekly_briefing.TestAuth" name="test_admin_get_config_200" time="0.363" /><testcase classname="tests.test_phase78_weekly_briefing.TestConfigPut" name="test_put_persists_enabled_and_recipients" time="0.095" /><testcase classname="tests.test_phase78_weekly_briefing.TestConfigPut" name="test_invalid_emails_filtered" time="0.077" /><testcase classname="tests.test_phase78_weekly_briefing.TestConfigPut" name="test_non_list_recipients_400" time="0.047" /><testcase classname="tests.test_phase78_weekly_briefing.TestConfigPut" name="test_restore_recipients" time="0.046" /><testcase classname="tests.test_phase78_weekly_briefing.TestSendNow" name="test_no_recipients_skipped" time="0.102" /><testcase classname="tests.test_phase78_weekly_briefing.TestSendNow" name="test_send_with_override" time="16.225" /><testcase classname="tests.test_phase78_weekly_briefing.TestSendNow" name="test_last_sent_at_populated" time="0.052" /><testcase classname="tests.test_phase78_weekly_briefing.TestSendNow" name="test_non_list_recipients_in_body_400" time="0.046" /><testcase classname="tests.test_phase78_weekly_briefing.TestSendNow" name="test_send_uses_configured_recipients_when_empty_body" time="13.247" /><testcase classname="tests.test_phase78_weekly_briefing.TestHistory" name="test_history_listed_sorted_desc" time="0.055" /><testcase classname="tests.test_phase78_weekly_briefing.TestHistory" name="test_history_client_403" time="0.055" /><testcase classname="tests.test_phase78_weekly_briefing.TestSchedulerJob" name="test_disabled_skip" time="0.319" /><testcase classname="tests.test_phase78_weekly_briefing.TestSchedulerJob" name="test_enabled_executes" time="15.478" /><testcase classname="tests.test_phase78_weekly_briefing.TestRegression" name="test_ai_activity" time="0.054" /><testcase classname="tests.test_phase78_weekly_briefing.TestRegression" name="test_autonomy_score" time="0.059" /><testcase classname="tests.test_phase78_weekly_briefing.TestRegression" name="test_auto_match_preview" time="0.055" /><testcase classname="tests.test_phase78_weekly_briefing.TestRegression" name="test_auto_match_schedule" time="0.050" /><testcase classname="tests.test_phase78_weekly_briefing.TestRegression" name="test_login_still_works" time="0.356" /></testsuite></testsuites>