<?xml version="1.0" encoding="utf-8"?><testsuites name="pytest tests"><testsuite name="pytest" errors="0" failures="1" skipped="1" tests="21" time="5.752" timestamp="2026-05-27T23:48:50.767695+00:00" hostname="agent-env-5fea00b5-37f3-49c5-9521-8e803208718f"><testcase classname="backend.tests.test_phase32_client_operator_audit.TestHealthScore" name="test_HS1_marketplace_returns_health_object" time="0.177" /><testcase classname="backend.tests.test_phase32_client_operator_audit.TestHealthScore" name="test_HS2_seeded_specialist_high_score" time="0.120" /><testcase classname="backend.tests.test_phase32_client_operator_audit.TestHealthScore" name="test_HS3_specialist_profile_returns_health" time="0.224" /><testcase classname="backend.tests.test_phase32_client_operator_audit.TestClientAudit" name="test_C1_property_crud" time="0.516" /><testcase classname="backend.tests.test_phase32_client_operator_audit.TestClientAudit" name="test_C2_create_request_visible_to_specialists" time="0.795" /><testcase classname="backend.tests.test_phase32_client_operator_audit.TestClientAudit" name="test_C3_checkout_and_status_demo_mode" time="0.164" /><testcase classname="backend.tests.test_phase32_client_operator_audit.TestClientAudit" name="test_C4_confirm_and_review" time="0.429" /><testcase classname="backend.tests.test_phase32_client_operator_audit.TestClientAudit" name="test_C5_chat_history" time="0.059" /><testcase classname="backend.tests.test_phase32_client_operator_audit.TestClientAudit" name="test_C6_open_dispute" time="0.237" /><testcase classname="backend.tests.test_phase32_client_operator_audit.TestClientAudit" name="test_C7_request_twin_validation" time="0.056" /><testcase classname="backend.tests.test_phase32_client_operator_audit.TestClientAudit" name="test_C8_owner_twin_access_and_403_for_other_client" time="0.452" /><testcase classname="backend.tests.test_phase32_client_operator_audit.TestClientAudit" name="test_C9_public_marketplace" time="0.111" /><testcase classname="backend.tests.test_phase32_client_operator_audit.TestClientAudit" name="test_C10_specialist_profile_public" time="0.216" /><testcase classname="backend.tests.test_phase32_client_operator_audit.TestOperatorAudit" name="test_O1_queue_and_twins_list" time="0.427"><failure message="AssertionError: Internal Server Error&#10;assert 500 == 200&#10; +  where 500 = &lt;Response [500]&gt;.status_code">backend/tests/test_phase32_client_operator_audit.py:274: in test_O1_queue_and_twins_list
    assert t.status_code == 200, t.text
E   AssertionError: Internal Server Error
E   assert 500 == 200
E    +  where 500 = &lt;Response [500]&gt;.status_code</failure></testcase><testcase classname="backend.tests.test_phase32_client_operator_audit.TestOperatorAudit" name="test_O2_O3_build_and_approve_twin_notifies_specialist" time="0.763" /><testcase classname="backend.tests.test_phase32_client_operator_audit.TestOperatorAudit" name="test_O4_reject_twin_notifies" time="0.336" /><testcase classname="backend.tests.test_phase32_client_operator_audit.TestOperatorAudit" name="test_O5_flag_nonconformity_notifies" time="0.174" /><testcase classname="backend.tests.test_phase32_client_operator_audit.TestOperatorAudit" name="test_O6_validate_maintenance_log" time="0.055"><skipped type="pytest.skip" message="No pending maintenance logs to validate">/app/backend/tests/test_phase32_client_operator_audit.py:370: No pending maintenance logs to validate</skipped></testcase><testcase classname="backend.tests.test_phase32_client_operator_audit.TestOperatorAudit" name="test_O7_dt_pro_endpoints" time="0.050" /><testcase classname="backend.tests.test_phase32_client_operator_audit.TestOperatorAudit" name="test_O8_role_guard_client_cannot_access_operator" time="0.122" /><testcase classname="backend.tests.test_phase32_client_operator_audit.TestCrossRole" name="test_X1_health_score_updates_after_review" time="0.146" /></testsuite></testsuites>