<?xml version="1.0" encoding="utf-8"?><testsuites name="pytest tests"><testsuite name="pytest" errors="0" failures="0" skipped="2" tests="17" time="5.769" timestamp="2026-05-27T23:33:17.261737+00:00" hostname="agent-env-5fea00b5-37f3-49c5-9521-8e803208718f"><testcase classname="backend.tests.test_phase31_specialist_audit.TestSpecClient1Opportunities" name="test_specialist_sees_open_requests" time="1.239" /><testcase classname="backend.tests.test_phase31_specialist_audit.TestSpecClient2AcceptLead" name="test_specialist_accept_request_deducts_fee" time="0.290" /><testcase classname="backend.tests.test_phase31_specialist_audit.TestSpecClient3Lifecycle" name="test_start_complete_confirm" time="0.282" /><testcase classname="backend.tests.test_phase31_specialist_audit.TestSpecClient4Chat" name="test_chat_get_endpoint_works_for_both" time="0.111" /><testcase classname="backend.tests.test_phase31_specialist_audit.TestSpecClient4Chat" name="test_chat_post_rest_endpoint" time="0.057"><skipped type="pytest.xfail" message="REST POST /chat/{id}/messages is not implemented; chat is WebSocket-only" /></testcase><testcase classname="backend.tests.test_phase31_specialist_audit.TestSpecClient5Dispute" name="test_specialist_opens_dispute_or_blocked" time="0.300" /><testcase classname="backend.tests.test_phase31_specialist_audit.TestSpecClient6Review" name="test_client_reviews_specialist_after_confirm" time="0.230" /><testcase classname="backend.tests.test_phase31_specialist_audit.TestSpecClient7Portfolio" name="test_specialist_creates_portfolio_item" time="0.063" /><testcase classname="backend.tests.test_phase31_specialist_audit.TestSpecClient7Portfolio" name="test_client_views_specialist_profile_with_portfolio" time="0.051" /><testcase classname="backend.tests.test_phase31_specialist_audit.TestSpecClient8Timeline" name="test_both_can_view_timeline" time="0.114" /><testcase classname="backend.tests.test_phase31_specialist_audit.TestSpecOperator1NonConformityNotifications" name="test_operator_flag_request_notifies_specialist_and_client" time="2.126" /><testcase classname="backend.tests.test_phase31_specialist_audit.TestSpecOperator2SpecialistTwinAccess" name="test_specialist_can_view_twin_on_assigned_request_property" time="0.140" /><testcase classname="backend.tests.test_phase31_specialist_audit.TestSpecOperator2SpecialistTwinAccess" name="test_random_specialist_without_request_gets_403" time="0.445"><skipped type="pytest.skip" message="specialist2 appears to have an assigned request on this property; can't assert 403">/app/backend/tests/test_phase31_specialist_audit.py:364: specialist2 appears to have an assigned request on this property; can't assert 403</skipped></testcase><testcase classname="backend.tests.test_phase31_specialist_audit.TestSpecOperator4QueueAccess" name="test_specialist_cannot_call_operator_queue" time="0.055" /><testcase classname="backend.tests.test_phase31_specialist_audit.TestRegression1SpecialistDocs" name="test_specialist_can_list_documents" time="0.056" /><testcase classname="backend.tests.test_phase31_specialist_audit.TestRegression1SpecialistDocs" name="test_specialist_can_upload_document" time="0.052" /><testcase classname="backend.tests.test_phase31_specialist_audit.TestRegression2Marketplace" name="test_marketplace_specialists_listing" time="0.057" /></testsuite></testsuites>