<?xml version="1.0" encoding="utf-8"?><testsuites name="pytest tests"><testsuite name="pytest" errors="0" failures="0" skipped="0" tests="14" time="5.819" timestamp="2026-05-25T19:06:35.403062+00:00" hostname="agent-env-5fea00b5-37f3-49c5-9521-8e803208718f"><testcase classname="backend.tests.test_phase12.TestVapidPublicKey" name="test_public_key_no_auth" time="0.120" /><testcase classname="backend.tests.test_phase12.TestPushSubscribe" name="test_subscribe_requires_auth" time="0.125" /><testcase classname="backend.tests.test_phase12.TestPushSubscribe" name="test_subscribe_and_idempotent" time="0.547" /><testcase classname="backend.tests.test_phase12.TestReferralStats" name="test_referral_endpoint_shape" time="0.053" /><testcase classname="backend.tests.test_phase12.TestRegisterWithReferrer" name="test_invalid_referrer_id_silently_ignored" time="0.333" /><testcase classname="backend.tests.test_phase12.TestRegisterWithReferrer" name="test_valid_referrer_id_stored" time="0.333" /><testcase classname="backend.tests.test_phase12.TestReferralEndToEnd" name="test_first_confirm_pays_sponsor_500_tokens" time="1.725" /><testcase classname="backend.tests.test_phase12.TestReferralEndToEnd" name="test_second_confirm_does_not_pay_again" time="0.676" /><testcase classname="backend.tests.test_phase12.TestContactForm" name="test_requires_auth" time="0.116" /><testcase classname="backend.tests.test_phase12.TestContactForm" name="test_validates_min_length" time="0.104" /><testcase classname="backend.tests.test_phase12.TestContactForm" name="test_success" time="0.048" /><testcase classname="backend.tests.test_phase12.TestRegressionSmoke" name="test_demo_logins_work" time="1.380" /><testcase classname="backend.tests.test_phase12.TestRegressionSmoke" name="test_properties_list_for_client" time="0.048" /><testcase classname="backend.tests.test_phase12.TestRegressionSmoke" name="test_requests_list" time="0.055" /></testsuite></testsuites>