<?xml version="1.0" encoding="utf-8"?><testsuites name="pytest tests"><testsuite name="pytest" errors="0" failures="0" skipped="0" tests="14" time="38.982" timestamp="2026-06-04T06:17:41.370232+00:00" hostname="agent-env-5fea00b5-37f3-49c5-9521-8e803208718f"><testcase classname="tests.test_phase80_generate_prompt" name="test_generate_prompt_admin_success" time="19.295" /><testcase classname="tests.test_phase80_generate_prompt" name="test_generate_prompt_minimal_payload" time="15.207" /><testcase classname="tests.test_phase80_generate_prompt" name="test_generate_prompt_empty_text" time="0.048" /><testcase classname="tests.test_phase80_generate_prompt" name="test_generate_prompt_short_text" time="0.048" /><testcase classname="tests.test_phase80_generate_prompt" name="test_generate_prompt_missing_text" time="0.046" /><testcase classname="tests.test_phase80_generate_prompt" name="test_generate_prompt_client_forbidden" time="0.425" /><testcase classname="tests.test_phase80_generate_prompt" name="test_generate_prompt_unauthenticated" time="0.099" /><testcase classname="tests.test_phase80_generate_prompt" name="test_fallback_prompt_code_exists" time="0.000" /><testcase classname="tests.test_phase80_generate_prompt" name="test_regression_list_todos" time="0.047" /><testcase classname="tests.test_phase80_generate_prompt" name="test_regression_crud_round_trip" time="0.208" /><testcase classname="tests.test_phase80_generate_prompt" name="test_regression_doc_done_mark_unmark" time="0.092" /><testcase classname="tests.test_phase80_generate_prompt" name="test_regression_ai_docs_ask_inline_context" time="3.334" /><testcase classname="tests.test_phase80_generate_prompt" name="test_regression_ai_docs_ask_rag" time="0.052" /><testcase classname="tests.test_phase80_generate_prompt" name="test_regression_autonomy_score" time="0.059" /></testsuite></testsuites>