<?xml version="1.0" encoding="utf-8"?><testsuites name="pytest tests"><testsuite name="pytest" errors="0" failures="0" skipped="0" tests="10" time="2.015" timestamp="2026-05-25T20:46:46.460898+00:00" hostname="agent-env-5fea00b5-37f3-49c5-9521-8e803208718f"><testcase classname="backend.tests.test_phase15.TestLastEventField" name="test_requests_have_last_event_key" time="0.517" /><testcase classname="backend.tests.test_phase15.TestLastEventField" name="test_last_event_shape_when_present" time="0.053" /><testcase classname="backend.tests.test_phase15.TestLastEventField" name="test_last_event_matches_timeline_first" time="0.121" /><testcase classname="backend.tests.test_phase15.TestRegression" name="test_client_filter_status" time="0.052" /><testcase classname="backend.tests.test_phase15.TestRegression" name="test_client_filter_category" time="0.107" /><testcase classname="backend.tests.test_phase15.TestRegression" name="test_client_text_search" time="0.052" /><testcase classname="backend.tests.test_phase15.TestRegression" name="test_specialist_sees_open_and_own" time="0.379" /><testcase classname="backend.tests.test_phase15.TestRegression" name="test_admin_sees_all" time="0.380" /><testcase classname="backend.tests.test_phase15.TestRegression" name="test_unauthenticated_blocked" time="0.153" /><testcase classname="backend.tests.test_phase15.TestPhase14Regression" name="test_timeline_endpoint_works" time="0.113" /></testsuite></testsuites>