<?xml version="1.0" encoding="utf-8"?><testsuites name="pytest tests"><testsuite name="pytest" errors="0" failures="0" skipped="0" tests="19" time="9.456" timestamp="2026-05-30T16:39:09.268572+00:00" hostname="agent-env-5fea00b5-37f3-49c5-9521-8e803208718f"><testcase classname="backend.tests.test_phase53_digital_twin_blender.TestBlenderObjConversion" name="test_upload_obj_triggers_blender" time="1.144" /><testcase classname="backend.tests.test_phase53_digital_twin_blender.TestBlenderObjConversion" name="test_poll_status_until_completed" time="2.331" /><testcase classname="backend.tests.test_phase53_digital_twin_blender.TestBlenderObjConversion" name="test_converted_glb_is_downloadable_and_valid" time="0.116" /><testcase classname="backend.tests.test_phase53_digital_twin_blender.TestConversionRetry" name="test_retry_resets_status_to_pending" time="0.117" /><testcase classname="backend.tests.test_phase53_digital_twin_blender.TestConversionRetry" name="test_retry_completes_again" time="2.267" /><testcase classname="backend.tests.test_phase53_digital_twin_blender.TestMultiFormatUpload" name="test_upload_accepted_and_triggers_blender[.dae]" time="0.107" /><testcase classname="backend.tests.test_phase53_digital_twin_blender.TestMultiFormatUpload" name="test_upload_accepted_and_triggers_blender[.fbx]" time="0.114" /><testcase classname="backend.tests.test_phase53_digital_twin_blender.TestMultiFormatUpload" name="test_upload_accepted_and_triggers_blender[.stl]" time="0.109" /><testcase classname="backend.tests.test_phase53_digital_twin_blender.TestMultiFormatUpload" name="test_upload_accepted_and_triggers_blender[.ply]" time="0.149" /><testcase classname="backend.tests.test_phase53_digital_twin_blender.TestMultiFormatUpload" name="test_upload_accepted_and_triggers_blender[.obj]" time="0.199" /><testcase classname="backend.tests.test_phase53_digital_twin_blender.TestEdgeCases" name="test_skp_routes_to_cloudconvert" time="0.205" /><testcase classname="backend.tests.test_phase53_digital_twin_blender.TestEdgeCases" name="test_glb_direct_no_conversion" time="0.208" /><testcase classname="backend.tests.test_phase53_digital_twin_blender.TestEdgeCases" name="test_unsupported_extension_rejected" time="0.200" /><testcase classname="backend.tests.test_phase53_digital_twin_blender.TestTrimbleEmbed" name="test_invalid_url_rejected" time="0.701" /><testcase classname="backend.tests.test_phase53_digital_twin_blender.TestTrimbleEmbed" name="test_valid_url_persists" time="0.228" /><testcase classname="backend.tests.test_phase53_digital_twin_blender.TestTrimbleEmbed" name="test_empty_string_clears" time="0.104" /><testcase classname="backend.tests.test_phase53_digital_twin_blender.TestTrimbleEmbed" name="test_specialist_cannot_set_trimble" time="0.422" /><testcase classname="backend.tests.test_phase53_digital_twin_blender.TestTrimbleEmbed" name="test_client_cannot_set_trimble" time="0.448" /><testcase classname="backend.tests.test_phase53_digital_twin_blender.TestUploadPermissions" name="test_client_without_dt_pro_cannot_upload" time="0.235" /></testsuite></testsuites>