<?xml version="1.0" encoding="utf-8"?><testsuites name="pytest tests"><testsuite name="pytest" errors="0" failures="0" skipped="0" tests="8" time="1.671" timestamp="2026-06-03T20:43:49.121453+00:00" hostname="agent-env-5fea00b5-37f3-49c5-9521-8e803208718f"><testcase classname="backend.tests.test_phase68_settings.TestAdminSettingsGet" name="test_get_returns_full_doc" time="1.047" /><testcase classname="backend.tests.test_phase68_settings.TestAdminSettingsPut" name="test_put_partial_seo_persists" time="0.115" /><testcase classname="backend.tests.test_phase68_settings.TestAdminSettingsPut" name="test_put_pricing_persists" time="0.052" /><testcase classname="backend.tests.test_phase68_settings.TestAdminSettingsReset" name="test_reset_restores_defaults" time="0.163" /><testcase classname="backend.tests.test_phase68_settings.TestPublicSettings" name="test_public_no_auth" time="0.102" /><testcase classname="backend.tests.test_phase68_settings.TestRegressionSmoke" name="test_verified_estate_listings" time="0.053" /><testcase classname="backend.tests.test_phase68_settings.TestRegressionSmoke" name="test_admin_kanban_endpoint" time="0.053" /><testcase classname="backend.tests.test_phase68_settings.TestRegressionSmoke" name="test_auth_me_admin" time="0.052" /></testsuite></testsuites>