<?xml version="1.0" encoding="utf-8"?><testsuites name="pytest tests"><testsuite name="pytest" errors="0" failures="0" skipped="0" tests="5" time="17.762" timestamp="2026-05-29T21:17:34.916382+00:00" hostname="agent-env-5fea00b5-37f3-49c5-9521-8e803208718f"><testcase classname="backend.tests.test_phase41_tour_release_gate" name="test_me_returns_dashboard_tour_completed" time="1.202" /><testcase classname="backend.tests.test_phase41_tour_release_gate" name="test_dashboard_tour_done_requires_auth" time="0.128" /><testcase classname="backend.tests.test_phase41_tour_release_gate" name="test_dashboard_tour_done_sets_flag" time="0.101" /><testcase classname="backend.tests.test_phase41_tour_release_gate" name="test_release_gate_ready" time="10.925" /><testcase classname="backend.tests.test_phase41_tour_release_gate" name="test_nine_new_e2e_tests_pass" time="5.381" /></testsuite></testsuites>