<?xml version="1.0" encoding="utf-8"?><testsuites name="pytest tests"><testsuite name="pytest" errors="0" failures="1" skipped="0" tests="6" time="77.923" timestamp="2026-05-29T20:04:58.724172+00:00" hostname="agent-env-5fea00b5-37f3-49c5-9521-8e803208718f"><testcase classname="tests.test_phase40_term_audit_bulk" name="test_rbac_non_admin_403" time="0.873" /><testcase classname="tests.test_phase40_term_audit_bulk" name="test_apply_all_single_inc" time="16.103" /><testcase classname="tests.test_phase40_term_audit_bulk" name="test_apply_all_bulk_no_body" time="60.107"><failure message="AssertionError: The preview environment is not responding. It may be starting up.&#10;  &#10;assert 502 == 200&#10; +  where 502 = &lt;Response [502]&gt;.status_code">tests/test_phase40_term_audit_bulk.py:123: in test_apply_all_bulk_no_body
    assert r.status_code == 200, r.text[:300]
E   AssertionError: The preview environment is not responding. It may be starting up.
E     
E   assert 502 == 200
E    +  where 502 = &lt;Response [502]&gt;.status_code</failure></testcase><testcase classname="tests.test_phase40_term_audit_bulk" name="test_overrides_persisted_with_source_id" time="0.073" /><testcase classname="tests.test_phase40_term_audit_bulk" name="test_specialist_doc_reflects_patches" time="0.467" /><testcase classname="tests.test_phase40_term_audit_bulk" name="test_term_automation_improves" time="0.238" /></testsuite></testsuites>