<?xml version="1.0" encoding="utf-8"?><testsuites name="pytest tests"><testsuite name="pytest" errors="0" failures="1" skipped="0" tests="8" time="5.031" timestamp="2026-05-29T17:22:04.107723+00:00" hostname="agent-env-5fea00b5-37f3-49c5-9521-8e803208718f"><testcase classname="backend.tests.test_phase38_content_audit" name="test_automation_tests_registry_has_24" time="0.956" /><testcase classname="backend.tests.test_phase38_content_audit" name="test_automation_execute_all_10_new" time="0.054"><failure message="AssertionError: execute fail: 422 {&quot;detail&quot;:[{&quot;type&quot;:&quot;missing&quot;,&quot;loc&quot;:[&quot;body&quot;,&quot;test_codes&quot;],&quot;msg&quot;:&quot;Field required&quot;,&quot;input&quot;:{&quot;codes&quot;:[&quot;DOC-AUDIT-01&quot;,&quot;DOC-AUDIT-02&quot;,&quot;DOC-AUDIT-03&quot;,&quot;DOC-AUDIT-04&quot;,&quot;DOC-AUDIT-05&quot;,&quot;LIFECYCLE-01&quot;,&quot;LIFECYCLE-02&quot;,&quot;LIFECYCLE-03&quot;,&quot;LIFECYCLE-04&quot;,&quot;LIFECYCLE-05&quot;]},&quot;url&quot;:&quot;https://errors.pydantic.dev/2.13/v/missing&quot;}]}&#10;assert 422 == 200&#10; +  where 422 = &lt;Response [422]&gt;.status_code">backend/tests/test_phase38_content_audit.py:62: in test_automation_execute_all_10_new
    assert r.status_code == 200, f"execute fail: {r.status_code} {r.text[:400]}"
E   AssertionError: execute fail: 422 {"detail":[{"type":"missing","loc":["body","test_codes"],"msg":"Field required","input":{"codes":["DOC-AUDIT-01","DOC-AUDIT-02","DOC-AUDIT-03","DOC-AUDIT-04","DOC-AUDIT-05","LIFECYCLE-01","LIFECYCLE-02","LIFECYCLE-03","LIFECYCLE-04","LIFECYCLE-05"]},"url":"https://errors.pydantic.dev/2.13/v/missing"}]}
E   assert 422 == 200
E    +  where 422 = &lt;Response [422]&gt;.status_code</failure></testcase><testcase classname="backend.tests.test_phase38_content_audit" name="test_content_audit_scan_clean" time="0.061" /><testcase classname="backend.tests.test_phase38_content_audit" name="test_content_audit_synthetic_conflict_full_lifecycle" time="2.987" /><testcase classname="backend.tests.test_phase38_content_audit" name="test_content_audit_status_patch_valid_and_invalid" time="0.112" /><testcase classname="backend.tests.test_phase38_content_audit" name="test_content_audit_rbac_client_forbidden" time="0.586" /><testcase classname="backend.tests.test_phase38_content_audit" name="test_specialist_pdf_no_crash" time="0.082" /><testcase classname="backend.tests.test_phase38_content_audit" name="test_specialist_doc_escrow_audience_correct" time="0.059" /></testsuite></testsuites>