<?xml version="1.0" encoding="utf-8"?><testsuites name="pytest tests"><testsuite name="pytest" errors="0" failures="0" skipped="0" tests="18" time="7.278" timestamp="2026-06-04T06:06:11.354770+00:00" hostname="agent-env-5fea00b5-37f3-49c5-9521-8e803208718f"><testcase classname="backend.tests.test_phase79_admin_todos" name="test_list_todos_admin" time="0.960" /><testcase classname="backend.tests.test_phase79_admin_todos" name="test_list_todos_client_forbidden" time="0.397" /><testcase classname="backend.tests.test_phase79_admin_todos" name="test_create_todo_invalid_priority" time="0.057" /><testcase classname="backend.tests.test_phase79_admin_todos" name="test_create_todo_text_too_short" time="0.050" /><testcase classname="backend.tests.test_phase79_admin_todos" name="test_create_persists" time="0.154" /><testcase classname="backend.tests.test_phase79_admin_todos" name="test_update_done_sets_done_at" time="0.152" /><testcase classname="backend.tests.test_phase79_admin_todos" name="test_update_priority" time="0.155" /><testcase classname="backend.tests.test_phase79_admin_todos" name="test_update_text" time="0.158" /><testcase classname="backend.tests.test_phase79_admin_todos" name="test_update_invalid_priority" time="0.153" /><testcase classname="backend.tests.test_phase79_admin_todos" name="test_update_not_found" time="0.050" /><testcase classname="backend.tests.test_phase79_admin_todos" name="test_delete_then_404" time="0.148" /><testcase classname="backend.tests.test_phase79_admin_todos" name="test_doc_done_mark_and_unmark" time="0.150" /><testcase classname="backend.tests.test_phase79_admin_todos" name="test_doc_done_invalid_prefix" time="0.049" /><testcase classname="backend.tests.test_phase79_admin_todos" name="test_doc_done_invalid_action" time="0.049" /><testcase classname="backend.tests.test_phase79_admin_todos" name="test_ask_docs_inline_context" time="4.369" /><testcase classname="backend.tests.test_phase79_admin_todos" name="test_ask_docs_without_inline_context_still_rag" time="0.057" /><testcase classname="backend.tests.test_phase79_admin_todos" name="test_autonomy_score" time="0.065" /><testcase classname="backend.tests.test_phase79_admin_todos" name="test_ai_activity" time="0.053" /></testsuite></testsuites>