<?xml version="1.0" encoding="utf-8"?><testsuites name="pytest tests"><testsuite name="pytest" errors="0" failures="0" skipped="0" tests="20" time="2.879" timestamp="2026-06-04T05:25:58.530426+00:00" hostname="agent-env-5fea00b5-37f3-49c5-9521-8e803208718f"><testcase classname="backend.tests.test_phase77_ai_activity.TestAuthz" name="test_anonymous_401" time="0.613" /><testcase classname="backend.tests.test_phase77_ai_activity.TestAuthz" name="test_client_403" time="0.422" /><testcase classname="backend.tests.test_phase77_ai_activity.TestShape" name="test_default_shape" time="0.441" /><testcase classname="backend.tests.test_phase77_ai_activity.TestShape" name="test_items_have_required_fields" time="0.060" /><testcase classname="backend.tests.test_phase77_ai_activity.TestShape" name="test_sorted_desc_by_ts" time="0.057" /><testcase classname="backend.tests.test_phase77_ai_activity.TestShape" name="test_limit_respected" time="0.059" /><testcase classname="backend.tests.test_phase77_ai_activity.TestShape" name="test_hours_window_filters" time="0.120" /><testcase classname="backend.tests.test_phase77_ai_activity.TestShape" name="test_summary_counts_match_items" time="0.059" /><testcase classname="backend.tests.test_phase77_ai_activity.TestValidation" name="test_hours_too_low" time="0.054" /><testcase classname="backend.tests.test_phase77_ai_activity.TestValidation" name="test_hours_too_high" time="0.055" /><testcase classname="backend.tests.test_phase77_ai_activity.TestValidation" name="test_limit_too_low" time="0.058" /><testcase classname="backend.tests.test_phase77_ai_activity.TestValidation" name="test_limit_too_high" time="0.054" /><testcase classname="backend.tests.test_phase77_ai_activity.TestSeverityMapping" name="test_known_kinds_present" time="0.057" /><testcase classname="backend.tests.test_phase77_ai_activity.TestSeverityMapping" name="test_smoke_test_severity_mapping" time="0.061" /><testcase classname="backend.tests.test_phase77_ai_activity.TestSeverityMapping" name="test_autonomy_snapshot_severity" time="0.057" /><testcase classname="backend.tests.test_phase77_ai_activity.TestSeverityMapping" name="test_finding_resolved_is_success" time="0.059" /><testcase classname="backend.tests.test_phase77_ai_activity.TestRegression" name="test_autonomy_score" time="0.087" /><testcase classname="backend.tests.test_phase77_ai_activity.TestRegression" name="test_auto_match_preview" time="0.054" /><testcase classname="backend.tests.test_phase77_ai_activity.TestRegression" name="test_auto_match_schedule" time="0.054" /><testcase classname="backend.tests.test_phase77_ai_activity.TestRegression" name="test_login_still_works" time="0.368" /></testsuite></testsuites>