<?xml version="1.0" encoding="utf-8"?><testsuites name="pytest tests"><testsuite name="pytest" errors="0" failures="0" skipped="0" tests="6" time="9.030" timestamp="2026-05-27T19:27:58.889066+00:00" hostname="agent-env-5fea00b5-37f3-49c5-9521-8e803208718f"><testcase classname="backend.tests.test_phase_g_notifications" name="test_pin_created_notifies_specialist_not_admin" time="2.409" /><testcase classname="backend.tests.test_phase_g_notifications" name="test_pin_status_change_notifies_admin_author" time="1.305" /><testcase classname="backend.tests.test_phase_g_notifications" name="test_comment_added_notifies_admin" time="1.347" /><testcase classname="backend.tests.test_phase_g_notifications" name="test_model_upload_notifies_specialist" time="1.349" /><testcase classname="backend.tests.test_phase_g_notifications" name="test_plan_upload_notifies_specialist" time="1.336" /><testcase classname="backend.tests.test_phase_g_notifications" name="test_actor_never_self_notified" time="1.214" /></testsuite></testsuites>