<?xml version="1.0" encoding="utf-8"?><testsuites name="pytest tests"><testsuite name="pytest" errors="0" failures="0" skipped="0" tests="14" time="4.498" timestamp="2026-05-27T21:04:07.965452+00:00" hostname="agent-env-5fea00b5-37f3-49c5-9521-8e803208718f"><testcase classname="tests.test_phase_i_plus_sent_reports.TestSentReportsList" name="test_list_returns_items_and_counters" time="1.637" /><testcase classname="tests.test_phase_i_plus_sent_reports.TestSentReportsList" name="test_item_shape" time="0.052" /><testcase classname="tests.test_phase_i_plus_sent_reports.TestSentReportsFilters" name="test_filter_status_pending" time="0.050" /><testcase classname="tests.test_phase_i_plus_sent_reports.TestSentReportsFilters" name="test_filter_status_confirmed" time="0.054" /><testcase classname="tests.test_phase_i_plus_sent_reports.TestSentReportsFilters" name="test_filter_status_needs_changes" time="0.050" /><testcase classname="tests.test_phase_i_plus_sent_reports.TestSentReportsFilters" name="test_filter_status_all" time="0.048" /><testcase classname="tests.test_phase_i_plus_sent_reports.TestSentReportsFilters" name="test_filter_overdue_only" time="0.051" /><testcase classname="tests.test_phase_i_plus_sent_reports.TestSenderScoping" name="test_client_does_not_see_admin_reports" time="0.426" /><testcase classname="tests.test_phase_i_plus_sent_reports.TestReminderSuccess" name="test_remind_pending_returns_reminder_and_increments_counter" time="0.157" /><testcase classname="tests.test_phase_i_plus_sent_reports.TestReminderErrors" name="test_remind_confirmed_returns_409" time="0.055" /><testcase classname="tests.test_phase_i_plus_sent_reports.TestReminderErrors" name="test_remind_needs_changes_returns_409" time="0.053" /><testcase classname="tests.test_phase_i_plus_sent_reports.TestReminderErrors" name="test_remind_not_owner_returns_404" time="0.050" /><testcase classname="tests.test_phase_i_plus_sent_reports.TestReminderErrors" name="test_remind_note_too_long_returns_400" time="0.054" /><testcase classname="tests.test_phase_i_plus_sent_reports.TestRecipientNotification" name="test_recipient_receives_dt_report_reminder_notification" time="1.620" /></testsuite></testsuites>