<?xml version="1.0" encoding="utf-8"?><testsuites name="pytest tests"><testsuite name="pytest" errors="0" failures="0" skipped="0" tests="19" time="5.641" timestamp="2026-05-23T17:34:35.138946+00:00" hostname="agent-env-5fea00b5-37f3-49c5-9521-8e803208718f"><testcase classname="backend.tests.test_phase4.TestPropertyCRUD" name="test_create_additional_property" time="0.587" /><testcase classname="backend.tests.test_phase4.TestPropertyCRUD" name="test_update_own_property" time="0.100" /><testcase classname="backend.tests.test_phase4.TestPropertyCRUD" name="test_update_property_not_owned_returns_404" time="0.762" /><testcase classname="backend.tests.test_phase4.TestPropertyCRUD" name="test_delete_property_blocked_with_active_request" time="0.646" /><testcase classname="backend.tests.test_phase4.TestPropertyCRUD" name="test_delete_property_success_when_no_active_requests" time="0.147" /><testcase classname="backend.tests.test_phase4.TestPhotoUpload" name="test_create_request_with_photos" time="0.057" /><testcase classname="backend.tests.test_phase4.TestSpecialistProfile" name="test_public_profile_no_auth" time="0.106" /><testcase classname="backend.tests.test_phase4.TestSpecialistProfile" name="test_profile_404_for_invalid_objectid" time="0.151" /><testcase classname="backend.tests.test_phase4.TestSpecialistProfile" name="test_profile_404_for_non_specialist_user" time="0.190" /><testcase classname="backend.tests.test_phase4.TestReviewFlow" name="test_full_review_flow_awards_tokens_and_updates_rating" time="0.710" /><testcase classname="backend.tests.test_phase4.TestNotifications" name="test_list_notifications_returns_newest_first" time="0.053" /><testcase classname="backend.tests.test_phase4.TestNotifications" name="test_mark_notification_read" time="0.103" /><testcase classname="backend.tests.test_phase4.TestNotifications" name="test_notification_created_on_request_creation" time="0.107" /><testcase classname="backend.tests.test_phase4.TestNotifications" name="test_notification_created_on_accept_and_complete" time="0.715" /><testcase classname="backend.tests.test_phase4.TestEmailLog" name="test_email_log_demo_entry_created" time="0.638" /><testcase classname="backend.tests.test_phase4.TestRegression" name="test_login_me" time="0.053" /><testcase classname="backend.tests.test_phase4.TestRegression" name="test_properties_list" time="0.056" /><testcase classname="backend.tests.test_phase4.TestRegression" name="test_requests_list" time="0.045" /><testcase classname="backend.tests.test_phase4.TestRegression" name="test_specialists_list" time="0.151" /></testsuite></testsuites>