<?xml version="1.0" encoding="utf-8"?><testsuites name="pytest tests"><testsuite name="pytest" errors="0" failures="0" skipped="0" tests="18" time="4.274" timestamp="2026-05-25T15:13:54.732740+00:00" hostname="agent-env-5fea00b5-37f3-49c5-9521-8e803208718f"><testcase classname="backend.tests.test_phase8.TestAnalyticsRefactor" name="test_analytics_shape_and_size[7]" time="0.477" /><testcase classname="backend.tests.test_phase8.TestAnalyticsRefactor" name="test_analytics_shape_and_size[14]" time="0.066" /><testcase classname="backend.tests.test_phase8.TestAnalyticsRefactor" name="test_analytics_shape_and_size[30]" time="0.065" /><testcase classname="backend.tests.test_phase8.TestAnalyticsRefactor" name="test_analytics_shape_and_size[90]" time="0.063" /><testcase classname="backend.tests.test_phase8.TestAnalyticsRefactor" name="test_lead_fees_windowed" time="0.129" /><testcase classname="backend.tests.test_phase8.TestAnalyticsRefactor" name="test_revenue_formula" time="0.063" /><testcase classname="backend.tests.test_phase8.TestAnalyticsRefactor" name="test_analytics_requires_admin" time="0.423" /><testcase classname="backend.tests.test_phase8.TestDisputesEnrichment" name="test_disputes_enriched_fields" time="0.064" /><testcase classname="backend.tests.test_phase8.TestOperatorTwinsEnrichment" name="test_twins_enriched_fields" time="0.507" /><testcase classname="backend.tests.test_phase8.TestRegisterValidation" name="test_register_specialist_invalid_category_400" time="0.348" /><testcase classname="backend.tests.test_phase8.TestRegisterValidation" name="test_register_specialist_valid_categories" time="0.436" /><testcase classname="backend.tests.test_phase8.TestRegisterValidation" name="test_register_specialist_mixed_invalid_400" time="0.350" /><testcase classname="backend.tests.test_phase8.TestRateLimit" name="test_429_after_8_wrong_attempts" time="0.016" /><testcase classname="backend.tests.test_phase8.TestStripeDemo" name="test_checkout_session_demo" time="0.575" /><testcase classname="backend.tests.test_phase8.TestStripeDemo" name="test_payment_status_paid" time="0.075" /><testcase classname="backend.tests.test_phase8.TestRegressionSmoke" name="test_admin_stats" time="0.062" /><testcase classname="backend.tests.test_phase8.TestRegressionSmoke" name="test_admin_pending_specialists" time="0.061" /><testcase classname="backend.tests.test_phase8.TestRegressionSmoke" name="test_specialist_documents" time="0.428" /></testsuite></testsuites>