<?xml version="1.0" encoding="utf-8"?><testsuites name="pytest tests"><testsuite name="pytest" errors="0" failures="0" skipped="0" tests="20" time="4.116" timestamp="2026-05-25T20:33:31.158426+00:00" hostname="agent-env-5fea00b5-37f3-49c5-9521-8e803208718f"><testcase classname="backend.tests.test_phase14.TestActivityStream" name="test_admin_can_list_stream" time="0.273" /><testcase classname="backend.tests.test_phase14.TestActivityStream" name="test_non_admin_blocked" time="0.267" /><testcase classname="backend.tests.test_phase14.TestActivityStream" name="test_event_type_filter" time="0.003" /><testcase classname="backend.tests.test_phase14.TestActivityStream" name="test_actor_role_filter" time="0.043" /><testcase classname="backend.tests.test_phase14.TestAcceptRequestSchedule" name="test_accept_legacy_no_body" time="0.582" /><testcase classname="backend.tests.test_phase14.TestAcceptRequestSchedule" name="test_accept_with_schedule_body" time="0.594" /><testcase classname="backend.tests.test_phase14.TestTimelineRBAC" name="test_client_can_view_timeline" time="0.595" /><testcase classname="backend.tests.test_phase14.TestTimelineRBAC" name="test_specialist_can_view_timeline" time="0.003" /><testcase classname="backend.tests.test_phase14.TestTimelineRBAC" name="test_admin_can_view_timeline" time="0.002" /><testcase classname="backend.tests.test_phase14.TestTimelineRBAC" name="test_other_client_forbidden" time="0.269" /><testcase classname="backend.tests.test_phase14.TestTimelineRBAC" name="test_other_specialist_forbidden" time="0.003" /><testcase classname="backend.tests.test_phase14.TestNonConformity" name="test_operator_can_flag" time="0.553" /><testcase classname="backend.tests.test_phase14.TestNonConformity" name="test_short_reason_rejected" time="0.043" /><testcase classname="backend.tests.test_phase14.TestNonConformity" name="test_invalid_target_rejected" time="0.043" /><testcase classname="backend.tests.test_phase14.TestNonConformity" name="test_non_operator_forbidden" time="0.003" /><testcase classname="backend.tests.test_phase14.TestNonConformity" name="test_admin_lists_nonconformities" time="0.044" /><testcase classname="backend.tests.test_phase14.TestNonConformity" name="test_admin_resolves_nonconformity" time="0.089" /><testcase classname="backend.tests.test_phase14.TestFullE2E" name="test_timeline_has_chronological_events" time="0.516" /><testcase classname="backend.tests.test_phase14.TestFullE2E" name="test_schedule_proposal_in_accept_payload" time="0.043" /><testcase classname="backend.tests.test_phase14.TestFullE2E" name="test_admin_activity_stream_contains_e2e_events" time="0.045" /></testsuite></testsuites>