<?xml version="1.0" encoding="utf-8"?><testsuites name="pytest tests"><testsuite name="pytest" errors="0" failures="0" skipped="0" tests="15" time="4.993" timestamp="2026-05-27T20:34:35.661522+00:00" hostname="agent-env-5fea00b5-37f3-49c5-9521-8e803208718f"><testcase classname="tests.test_phase_i_issue_report.TestBugFix1PageCount" name="test_plan_upload_sets_page_count" time="2.367" /><testcase classname="tests.test_phase_i_issue_report.TestBugFix1PageCount" name="test_anchor_with_page_within_range_ok" time="0.224" /><testcase classname="tests.test_phase_i_issue_report.TestBugFix1PageCount" name="test_anchor_with_page_out_of_range_400" time="0.061" /><testcase classname="tests.test_phase_i_issue_report.TestBugFix2AnchorDeletePermissions" name="test_member_can_delete_other_members_anchor" time="0.222" /><testcase classname="tests.test_phase_i_issue_report.TestBugFix2AnchorDeletePermissions" name="test_non_member_still_403" time="0.532" /><testcase classname="tests.test_phase_i_issue_report.TestIssueReportSend" name="test_send_with_recipient_and_screenshot" time="0.275" /><testcase classname="tests.test_phase_i_issue_report.TestIssueReportSend" name="test_pin_report_history_grows" time="0.201" /><testcase classname="tests.test_phase_i_issue_report.TestIssueReportSend" name="test_send_no_recipient_uses_owner" time="0.060" /><testcase classname="tests.test_phase_i_issue_report.TestIssueReportSend" name="test_send_no_screenshot_succeeds" time="0.056" /><testcase classname="tests.test_phase_i_issue_report.TestIssueReportSend" name="test_send_no_anchor_has_plan_extract_false" time="0.134" /><testcase classname="tests.test_phase_i_issue_report.TestIssueReportSend" name="test_subscription_gate_403" time="0.056" /><testcase classname="tests.test_phase_i_issue_report.TestIssueReportSend" name="test_non_member_with_dt_pro_403" time="0.207" /><testcase classname="tests.test_phase_i_issue_report.TestIssueReportNotification" name="test_notification_created_for_known_user" time="0.168" /><testcase classname="tests.test_phase_i_issue_report.TestIssueReportPreview" name="test_preview_returns_inline_pdf" time="0.063" /><testcase classname="tests.test_phase_i_issue_report.TestIssueReportPreview" name="test_preview_subscription_gate" time="0.102" /></testsuite></testsuites>