<?xml version="1.0" encoding="utf-8"?><testsuites name="pytest tests"><testsuite name="pytest" errors="0" failures="0" skipped="1" tests="17" time="34.275" timestamp="2026-06-03T23:32:50.314555+00:00" hostname="agent-env-5fea00b5-37f3-49c5-9521-8e803208718f"><testcase classname="backend.tests.test_phase72.TestDevTeam" name="test_agents_list" time="0.870" /><testcase classname="backend.tests.test_phase72.TestDevTeam" name="test_files_unfiltered" time="0.052" /><testcase classname="backend.tests.test_phase72.TestDevTeam" name="test_files_frontend_filter" time="0.048" /><testcase classname="backend.tests.test_phase72.TestDevTeam" name="test_files_backend_filter" time="0.053" /><testcase classname="backend.tests.test_phase72.TestDevTeam" name="test_files_non_admin_forbidden" time="0.383" /><testcase classname="backend.tests.test_phase72.TestDevTeam" name="test_agents_non_admin_forbidden" time="0.051" /><testcase classname="backend.tests.test_phase72.TestDevTeam" name="test_analyze_path_traversal_rejected" time="0.050" /><testcase classname="backend.tests.test_phase72.TestDevTeam" name="test_analyze_outside_index_rejected" time="0.052" /><testcase classname="backend.tests.test_phase72.TestDevTeam" name="test_analyze_non_admin_forbidden" time="0.052" /><testcase classname="backend.tests.test_phase72.TestDevTeam" name="test_analyze_backend_file" time="31.449" /><testcase classname="backend.tests.test_phase72.TestDevTeam" name="test_analyze_frontend_file" time="0.061"><skipped type="pytest.skip" message="frontend/src/lib/i18n.js not in index">/app/backend/tests/test_phase72.py:125: frontend/src/lib/i18n.js not in index</skipped></testcase><testcase classname="backend.tests.test_phase72.TestSecurityCenter" name="test_overview_default" time="0.053" /><testcase classname="backend.tests.test_phase72.TestSecurityCenter" name="test_overview_72h_window" time="0.053" /><testcase classname="backend.tests.test_phase72.TestSecurityCenter" name="test_overview_non_admin_forbidden" time="0.060" /><testcase classname="backend.tests.test_phase72.TestSecurityCenter" name="test_analyze_non_admin_forbidden" time="0.052" /><testcase classname="backend.tests.test_phase72.TestSecurityCenter" name="test_analyze_returns_structure" time="0.064" /><testcase classname="backend.tests.test_phase72.TestEcosystemFlag" name="test_disable_blocks_llm_endpoints_then_restore" time="0.817" /></testsuite></testsuites>