<?xml version="1.0" encoding="utf-8"?><testsuites name="pytest tests"><testsuite name="pytest" errors="0" failures="0" skipped="0" tests="10" time="11.536" timestamp="2026-05-29T16:39:31.376786+00:00" hostname="agent-env-5fea00b5-37f3-49c5-9521-8e803208718f"><testcase classname="tests.test_phase35_release_gate.TestReleaseGateNoEmail" name="test_payload_shape" time="6.020" /><testcase classname="tests.test_phase35_release_gate.TestReleaseGateNoEmail" name="test_summary" time="0.000" /><testcase classname="tests.test_phase35_release_gate.TestReleaseGateNoEmail" name="test_results_14_items" time="0.000" /><testcase classname="tests.test_phase35_release_gate.TestReleaseGateNoEmail" name="test_email_disabled" time="0.000" /><testcase classname="tests.test_phase35_release_gate.TestReleaseGatesList" name="test_list_after_gate" time="4.825" /><testcase classname="tests.test_phase35_release_gate.TestReleaseGateDetail" name="test_get_detail" time="0.112" /><testcase classname="tests.test_phase35_release_gate.TestReleaseGateDetail" name="test_get_detail_404" time="0.051" /><testcase classname="tests.test_phase35_release_gate.TestRBAC" name="test_client_cannot_run_gate" time="0.379" /><testcase classname="tests.test_phase35_release_gate.TestRBAC" name="test_client_cannot_list_gates" time="0.052" /><testcase classname="tests.test_phase35_release_gate.TestRBAC" name="test_client_cannot_get_detail" time="0.050" /></testsuite></testsuites>