<?xml version="1.0" encoding="utf-8"?><testsuites name="pytest tests"><testsuite name="pytest" errors="0" failures="0" skipped="0" tests="25" time="13.318" timestamp="2026-05-25T18:42:08.633938+00:00" hostname="agent-env-5fea00b5-37f3-49c5-9521-8e803208718f"><testcase classname="backend.tests.test_phase11.TestAuthMeDualRole" name="test_verified_specialist_has_dual_role_enabled" time="0.483" /><testcase classname="backend.tests.test_phase11.TestAuthMeDualRole" name="test_client_has_dual_role_disabled" time="0.397" /><testcase classname="backend.tests.test_phase11.TestAuthMeDualRole" name="test_admin_has_dual_role_disabled" time="0.387" /><testcase classname="backend.tests.test_phase11.TestAuthMeDualRole" name="test_pending_specialist_dual_role_disabled" time="0.384" /><testcase classname="backend.tests.test_phase11.TestSwitchView" name="test_specialist_can_toggle_to_client_and_back" time="0.537" /><testcase classname="backend.tests.test_phase11.TestSwitchView" name="test_client_cannot_switch_view" time="0.381" /><testcase classname="backend.tests.test_phase11.TestSwitchView" name="test_admin_cannot_switch_view" time="0.410" /><testcase classname="backend.tests.test_phase11.TestSwitchView" name="test_operator_cannot_switch_view" time="0.401" /><testcase classname="backend.tests.test_phase11.TestSwitchView" name="test_pending_specialist_cannot_switch" time="0.399" /><testcase classname="backend.tests.test_phase11.TestSwitchView" name="test_invalid_view_value_rejected" time="0.460" /><testcase classname="backend.tests.test_phase11.TestProfileUpdate" name="test_update_name_phone_zone" time="0.510" /><testcase classname="backend.tests.test_phase11.TestProfileUpdate" name="test_empty_payload_returns_400" time="0.387" /><testcase classname="backend.tests.test_phase11.TestChangePassword" name="test_wrong_current_returns_401" time="0.651" /><testcase classname="backend.tests.test_phase11.TestChangePassword" name="test_same_as_current_returns_400" time="0.627" /><testcase classname="backend.tests.test_phase11.TestChangePassword" name="test_correct_change_then_revert" time="1.654" /><testcase classname="backend.tests.test_phase11.TestAccountExport" name="test_export_returns_structured_json" time="0.391" /><testcase classname="backend.tests.test_phase11.TestAccountDeleteErrors" name="test_missing_confirmation_returns_400" time="0.386" /><testcase classname="backend.tests.test_phase11.TestAccountDeleteErrors" name="test_wrong_password_returns_401" time="0.601" /><testcase classname="backend.tests.test_phase11.TestDualRoleAuthorization" name="test_specialist_client_view_can_create_request" time="0.582" /><testcase classname="backend.tests.test_phase11.TestDualRoleAuthorization" name="test_specialist_default_view_cannot_create_request" time="0.514" /><testcase classname="backend.tests.test_phase11.TestDualRoleListScopes" name="test_properties_in_client_view_returns_own_only" time="0.597" /><testcase classname="backend.tests.test_phase11.TestDualRoleListScopes" name="test_requests_in_client_view_only_own_client_requests" time="0.548" /><testcase classname="backend.tests.test_phase11.TestDualRoleListScopes" name="test_requests_in_specialist_view_shows_open_or_assigned" time="0.570" /><testcase classname="backend.tests.test_phase11.TestRegression" name="test_admin_stats" time="0.389" /><testcase classname="backend.tests.test_phase11.TestRegression" name="test_client_can_create_request_normally" time="0.492" /></testsuite></testsuites>