<?xml version="1.0" encoding="utf-8"?><testsuites name="pytest tests"><testsuite name="pytest" errors="0" failures="0" skipped="0" tests="14" time="2.937" timestamp="2026-05-26T21:39:28.312766+00:00" hostname="agent-env-5fea00b5-37f3-49c5-9521-8e803208718f"><testcase classname="backend.tests.test_phase26.TestTutorialFlag" name="test_reset_then_me_returns_false" time="0.638" /><testcase classname="backend.tests.test_phase26.TestTutorialFlag" name="test_mark_seen_then_me_returns_true" time="0.110" /><testcase classname="backend.tests.test_phase26.TestTutorialFlag" name="test_reset_idempotent" time="0.174" /><testcase classname="backend.tests.test_phase26.TestWalletTopupCheckout" name="test_create_demo_session_ok" time="0.059" /><testcase classname="backend.tests.test_phase26.TestWalletTopupCheckout" name="test_reject_amount_zero" time="0.063" /><testcase classname="backend.tests.test_phase26.TestWalletTopupCheckout" name="test_reject_amount_too_large" time="0.062" /><testcase classname="backend.tests.test_phase26.TestWalletTopupCheckout" name="test_topup_status_credits_wallet_idempotently" time="0.330" /><testcase classname="backend.tests.test_phase26.TestWalletTopupCheckout" name="test_topup_status_404_for_other_users_session" time="0.464" /><testcase classname="backend.tests.test_phase26.TestWalletTopupCheckout" name="test_legacy_topup_still_works" time="0.147" /><testcase classname="backend.tests.test_phase26.TestMilestoneRenegotiate" name="test_propose_invalid_pcts_sum" time="0.197" /><testcase classname="backend.tests.test_phase26.TestMilestoneRenegotiate" name="test_propose_wrong_length" time="0.047" /><testcase classname="backend.tests.test_phase26.TestMilestoneRenegotiate" name="test_propose_negative_pct" time="0.048" /><testcase classname="backend.tests.test_phase26.TestMilestoneRenegotiate" name="test_full_flow_accept" time="0.291" /><testcase classname="backend.tests.test_phase26.TestMilestoneRenegotiate" name="test_propose_and_reject" time="0.216" /></testsuite></testsuites>