<?xml version="1.0" encoding="utf-8"?><testsuites name="pytest tests"><testsuite name="pytest" errors="0" failures="0" skipped="0" tests="14" time="13.405" timestamp="2026-06-03T22:54:42.391329+00:00" hostname="agent-env-5fea00b5-37f3-49c5-9521-8e803208718f"><testcase classname="backend.tests.test_phase71.TestUrgency" name="test_create_urgent_request_has_urgent_prefix" time="1.792" /><testcase classname="backend.tests.test_phase71.TestUrgency" name="test_priority_filter_urgent" time="0.056" /><testcase classname="backend.tests.test_phase71.TestQACopilotCodeAware" name="test_finding_code_aware_validates_paths" time="6.588" /><testcase classname="backend.tests.test_phase71.TestDigitalTwinQA" name="test_history_no_auth_unauthorized" time="0.131" /><testcase classname="backend.tests.test_phase71.TestDigitalTwinQA" name="test_history_nonexistent_project_404" time="0.065" /><testcase classname="backend.tests.test_phase71.TestDigitalTwinQA" name="test_ask_disabled_ecosystem_returns_graceful" time="0.179" /><testcase classname="backend.tests.test_phase71.TestDocsAI" name="test_upload_txt" time="0.064" /><testcase classname="backend.tests.test_phase71.TestDocsAI" name="test_list_contains_uploaded" time="0.060" /><testcase classname="backend.tests.test_phase71.TestDocsAI" name="test_ask_living_area" time="1.927" /><testcase classname="backend.tests.test_phase71.TestDocsAI" name="test_ask_electric_panel" time="1.729" /><testcase classname="backend.tests.test_phase71.TestDocsAI" name="test_stats_admin_only" time="0.065" /><testcase classname="backend.tests.test_phase71.TestDocsAI" name="test_stats_client_403" time="0.061" /><testcase classname="backend.tests.test_phase71.TestDocsAI" name="test_upload_oversize_413" time="0.490" /><testcase classname="backend.tests.test_phase71.TestDocsAI" name="test_delete_doc" time="0.173" /></testsuite></testsuites>