<?xml version="1.0" encoding="utf-8"?><testsuites name="pytest tests"><testsuite name="pytest" errors="0" failures="0" skipped="0" tests="10" time="2.880" timestamp="2026-06-04T00:31:59.770890+00:00" hostname="agent-env-5fea00b5-37f3-49c5-9521-8e803208718f"><testcase classname="backend.tests.test_phase73.TestContracts" name="test_generate_404_unknown_request" time="0.935" /><testcase classname="backend.tests.test_phase73.TestContracts" name="test_generate_contract" time="0.581" /><testcase classname="backend.tests.test_phase73.TestContracts" name="test_generate_idempotent" time="0.059" /><testcase classname="backend.tests.test_phase73.TestContracts" name="test_get_contract_as_admin" time="0.071" /><testcase classname="backend.tests.test_phase73.TestContracts" name="test_by_request_returns_contract" time="0.063" /><testcase classname="backend.tests.test_phase73.TestContracts" name="test_by_request_null_when_missing" time="0.072" /><testcase classname="backend.tests.test_phase73.TestContracts" name="test_non_party_cannot_read" time="0.807" /><testcase classname="backend.tests.test_phase73.TestContracts" name="test_sign_as_client" time="0.104" /><testcase classname="backend.tests.test_phase73.TestContracts" name="test_sign_as_specialist_and_active" time="0.101" /><testcase classname="backend.tests.test_phase73.TestContracts" name="test_operator_resolve_as_admin" time="0.064" /></testsuite></testsuites>