<?xml version="1.0" encoding="utf-8"?><testsuites name="pytest tests"><testsuite name="pytest" errors="0" failures="0" skipped="1" tests="11" time="1.824" timestamp="2026-05-30T17:54:42.971519+00:00" hostname="agent-env-5fea00b5-37f3-49c5-9521-8e803208718f"><testcase classname="backend.tests.test_phase57_auth_oauth_resilience.TestHealth" name="test_health_ok" time="0.590" /><testcase classname="backend.tests.test_phase57_auth_oauth_resilience.TestGoogleSessionExchange" name="test_missing_session_header_returns_400" time="0.053" /><testcase classname="backend.tests.test_phase57_auth_oauth_resilience.TestGoogleSessionExchange" name="test_bogus_session_id_returns_401" time="0.143" /><testcase classname="backend.tests.test_phase57_auth_oauth_resilience.TestGoogleSessionRetryStructure" name="test_retry_loop_has_3_attempts" time="0.001" /><testcase classname="backend.tests.test_phase57_auth_oauth_resilience.TestGoogleSessionRetryStructure" name="test_timeout_is_30_seconds" time="0.000" /><testcase classname="backend.tests.test_phase57_auth_oauth_resilience.TestGoogleSessionRetryStructure" name="test_fallback_returns_503_not_520" time="0.001" /><testcase classname="backend.tests.test_phase57_auth_oauth_resilience.TestGoogleSessionRetryStructure" name="test_4xx_upstream_short_circuits_no_retry" time="0.000" /><testcase classname="backend.tests.test_phase57_auth_oauth_resilience.TestLoginCookies" name="test_admin_login_sets_access_and_refresh_and_clears_admin_stash" time="0.273" /><testcase classname="backend.tests.test_phase57_auth_oauth_resilience.TestLoginCookies" name="test_admin_login_returns_role_admin" time="0.276" /><testcase classname="backend.tests.test_phase57_auth_oauth_resilience.TestLoginCookies" name="test_refresh_with_valid_cookie" time="0.389"><skipped type="pytest.skip" message="/api/auth/refresh endpoint not present in this build">/app/backend/tests/test_phase57_auth_oauth_resilience.py:162: /api/auth/refresh endpoint not present in this build</skipped></testcase><testcase classname="backend.tests.test_phase57_auth_oauth_resilience.TestDigitalTwinSmoke" name="test_dt_endpoints_routes_exist" time="0.057" /></testsuite></testsuites>