<?xml version="1.0" encoding="utf-8"?><testsuites name="pytest tests"><testsuite name="pytest" errors="0" failures="2" skipped="0" tests="20" time="10.499" timestamp="2026-05-23T17:52:34.313323+00:00" hostname="agent-env-5fea00b5-37f3-49c5-9521-8e803208718f"><testcase classname="backend.tests.test_phase5.TestAIChat" name="test_ai_chat_hvac_diagnosis" time="1.255"><failure message="AssertionError: 500 {&quot;detail&quot;:&quot;AI error: Failed to generate chat completion: litellm.BadRequestError: OpenAIException - Budget has been exceeded! Current cost: 0.002122, Max budget: 0.001&quot;}&#10;assert 500 == 200&#10; +  where 500 = &lt;Response [500]&gt;.status_code">backend/tests/test_phase5.py:66: in test_ai_chat_hvac_diagnosis
    assert r.status_code == 200, f"{r.status_code} {r.text}"
E   AssertionError: 500 {"detail":"AI error: Failed to generate chat completion: litellm.BadRequestError: OpenAIException - Budget has been exceeded! Current cost: 0.002122, Max budget: 0.001"}
E   assert 500 == 200
E    +  where 500 = &lt;Response [500]&gt;.status_code</failure></testcase><testcase classname="backend.tests.test_phase5.TestAIChat" name="test_ai_chat_multi_turn_session" time="0.264"><failure message="AssertionError: {&quot;detail&quot;:&quot;AI error: Failed to generate chat completion: litellm.BadRequestError: OpenAIException - Budget has been exceeded! Current cost: 0.002122, Max budget: 0.001&quot;}&#10;assert 500 == 200&#10; +  where 500 = &lt;Response [500]&gt;.status_code">backend/tests/test_phase5.py:82: in test_ai_chat_multi_turn_session
    assert r1.status_code == 200, r1.text
E   AssertionError: {"detail":"AI error: Failed to generate chat completion: litellm.BadRequestError: OpenAIException - Budget has been exceeded! Current cost: 0.002122, Max budget: 0.001"}
E   assert 500 == 200
E    +  where 500 = &lt;Response [500]&gt;.status_code</failure></testcase><testcase classname="backend.tests.test_phase5.TestAIChat" name="test_ai_history" time="4.589" /><testcase classname="backend.tests.test_phase5.TestTwoFA" name="test_full_2fa_lifecycle" time="2.528" /><testcase classname="backend.tests.test_phase5.TestMarketplace" name="test_public_no_auth" time="0.107" /><testcase classname="backend.tests.test_phase5.TestMarketplace" name="test_filter_category_and_verified" time="0.109" /><testcase classname="backend.tests.test_phase5.TestMarketplace" name="test_sort_by_reviews" time="0.110" /><testcase classname="backend.tests.test_phase5.TestMarketplace" name="test_sort_by_rating" time="0.097" /><testcase classname="backend.tests.test_phase5.TestMarketplace" name="test_sort_recent" time="0.141" /><testcase classname="backend.tests.test_phase5.TestRequestSearch" name="test_search_q_only" time="0.152" /><testcase classname="backend.tests.test_phase5.TestRequestSearch" name="test_search_q_and_category_status" time="0.049" /><testcase classname="backend.tests.test_phase5.TestRequestSearch" name="test_filter_priority" time="0.054" /><testcase classname="backend.tests.test_phase5.TestTimeline" name="test_timeline_structure" time="0.100" /><testcase classname="backend.tests.test_phase5.TestTimeline" name="test_timeline_404" time="0.060" /><testcase classname="backend.tests.test_phase5.TestRegression" name="test_login_without_2fa_works" time="0.325" /><testcase classname="backend.tests.test_phase5.TestRegression" name="test_auth_me" time="0.049" /><testcase classname="backend.tests.test_phase5.TestRegression" name="test_properties_list" time="0.048" /><testcase classname="backend.tests.test_phase5.TestRegression" name="test_specialists_authenticated" time="0.050" /><testcase classname="backend.tests.test_phase5.TestRegression" name="test_specialist_public_profile" time="0.231" /><testcase classname="backend.tests.test_phase5.TestRegression" name="test_notifications" time="0.051" /></testsuite></testsuites>