<?xml version="1.0" encoding="utf-8"?><testsuites name="pytest tests"><testsuite name="pytest" errors="0" failures="0" skipped="0" tests="11" time="2.561" timestamp="2026-05-25T17:19:09.055851+00:00" hostname="agent-env-5fea00b5-37f3-49c5-9521-8e803208718f"><testcase classname="backend.tests.test_phase9.TestEligibility" name="test_client_eligible" time="0.562" /><testcase classname="backend.tests.test_phase9.TestEligibility" name="test_specialist_forbidden" time="0.397" /><testcase classname="backend.tests.test_phase9.TestEligibility" name="test_unauth_401" time="0.142" /><testcase classname="backend.tests.test_phase9.TestConceptRequest" name="test_invalid_rooms_400" time="0.049" /><testcase classname="backend.tests.test_phase9.TestConceptRequest" name="test_specialist_cannot_create" time="0.051" /><testcase classname="backend.tests.test_phase9.TestConceptRequest" name="test_create_with_tokens_caps_at_50pct" time="0.158" /><testcase classname="backend.tests.test_phase9.TestConceptRequest" name="test_create_no_tokens" time="0.100" /><testcase classname="backend.tests.test_phase9.TestPhaseFlow" name="test_phase_quote_then_accept_then_complete" time="0.624" /><testcase classname="backend.tests.test_phase9.TestOldEndpointsRemoved" name="test_old_404[/api/services/interior-design/availability]" time="0.050" /><testcase classname="backend.tests.test_phase9.TestOldEndpointsRemoved" name="test_old_404[/api/services/interior-design/order]" time="0.051" /><testcase classname="backend.tests.test_phase9.TestOldEndpointsRemoved" name="test_old_404[/api/services/interior-design/quotes]" time="0.053" /></testsuite></testsuites>