<?xml version="1.0" encoding="utf-8"?><testsuites name="pytest tests"><testsuite name="pytest" errors="0" failures="0" skipped="0" tests="26" time="5.550" timestamp="2026-05-23T19:31:51.665194+00:00" hostname="agent-env-5fea00b5-37f3-49c5-9521-8e803208718f"><testcase classname="backend.tests.test_phase6.TestSpecialistDocuments" name="test_list_my_documents" time="0.550" /><testcase classname="backend.tests.test_phase6.TestSpecialistDocuments" name="test_upload_and_delete_document" time="0.590" /><testcase classname="backend.tests.test_phase6.TestSpecialistDocuments" name="test_upload_requires_specialist_role" time="0.385" /><testcase classname="backend.tests.test_phase6.TestAdminSpecialistFlow" name="test_pending_specialists_includes_pending_user" time="0.412" /><testcase classname="backend.tests.test_phase6.TestAdminSpecialistFlow" name="test_admin_specialist_detail_has_documents" time="0.112" /><testcase classname="backend.tests.test_phase6.TestAdminSpecialistFlow" name="test_admin_review_individual_document" time="0.226" /><testcase classname="backend.tests.test_phase6.TestAdminSpecialistFlow" name="test_admin_review_nonexistent_doc_404" time="0.114" /><testcase classname="backend.tests.test_phase6.TestAdminSpecialistFlow" name="test_admin_reject_requires_role" time="0.053" /><testcase classname="backend.tests.test_phase6.TestDisputes" name="test_open_dispute_as_client" time="0.245" /><testcase classname="backend.tests.test_phase6.TestDisputes" name="test_open_dispute_unauthorized_user_403" time="0.445" /><testcase classname="backend.tests.test_phase6.TestDisputes" name="test_admin_lists_disputes_enriched" time="0.067" /><testcase classname="backend.tests.test_phase6.TestDisputes" name="test_admin_resolve_dispute_split" time="0.223" /><testcase classname="backend.tests.test_phase6.TestOperatorTwin" name="test_list_twins_enriched" time="0.388" /><testcase classname="backend.tests.test_phase6.TestOperatorTwin" name="test_get_twin_by_property" time="0.107" /><testcase classname="backend.tests.test_phase6.TestOperatorTwin" name="test_get_twin_for_property_without_twin_returns_empty_draft" time="0.160" /><testcase classname="backend.tests.test_phase6.TestOperatorTwin" name="test_save_twin_persistence" time="0.216" /><testcase classname="backend.tests.test_phase6.TestOperatorTwin" name="test_request_twin_validation_as_client" time="0.155" /><testcase classname="backend.tests.test_phase6.TestOperatorTwin" name="test_validate_twin_approve_unlocks_property" time="0.169" /><testcase classname="backend.tests.test_phase6.TestOperatorTwin" name="test_validate_twin_request_revision" time="0.212" /><testcase classname="backend.tests.test_phase6.TestOperatorTwin" name="test_operator_endpoints_require_role" time="0.054" /><testcase classname="backend.tests.test_phase6.TestRegression" name="test_auth_me_admin" time="0.054" /><testcase classname="backend.tests.test_phase6.TestRegression" name="test_properties_list_client" time="0.047" /><testcase classname="backend.tests.test_phase6.TestRegression" name="test_requests_list_client" time="0.048" /><testcase classname="backend.tests.test_phase6.TestRegression" name="test_marketplace_public" time="0.136" /><testcase classname="backend.tests.test_phase6.TestRegression" name="test_notifications_list" time="0.048" /><testcase classname="backend.tests.test_phase6.TestRegression" name="test_admin_stats" time="0.064" /></testsuite></testsuites>