<?xml version="1.0" encoding="utf-8"?><testsuites name="pytest tests"><testsuite name="pytest" errors="0" failures="0" skipped="1" tests="12" time="5.742" timestamp="2026-05-30T12:37:39.756096+00:00" hostname="agent-env-5fea00b5-37f3-49c5-9521-8e803208718f"><testcase classname="backend.tests.test_phase52_multirole.TestAuthMeFields" name="test_me_exposes_dual_role_and_avatar_fields" time="0.828" /><testcase classname="backend.tests.test_phase52_multirole.TestAuthMeFields" name="test_existing_client_login_still_works" time="0.376" /><testcase classname="backend.tests.test_phase52_multirole.TestBecomeSpecialist" name="test_client_becomes_specialist_success" time="0.482" /><testcase classname="backend.tests.test_phase52_multirole.TestBecomeSpecialist" name="test_become_specialist_twice_returns_400" time="0.480" /><testcase classname="backend.tests.test_phase52_multirole.TestBecomeSpecialist" name="test_become_specialist_as_pure_specialist_returns_400" time="0.453"><skipped type="pytest.skip" message="DEVIATION: review spec says become-specialist on native specialist (no dual) should 400, but backend returned 200 and enabled dual_role. See /app/backend/routes/auth.py:496-499 — guard only checks dual_role_enabled.">/app/backend/tests/test_phase52_multirole.py:141: DEVIATION: review spec says become-specialist on native specialist (no dual) should 400, but backend returned 200 and enabled dual_role. See /app/backend/routes/auth.py:496-499 — guard only checks dual_role_enabled.</skipped></testcase><testcase classname="backend.tests.test_phase52_multirole.TestSwitchView" name="test_switch_view_requires_dual_role" time="0.375" /><testcase classname="backend.tests.test_phase52_multirole.TestSwitchView" name="test_switch_view_to_client_then_specialist" time="0.637" /><testcase classname="backend.tests.test_phase52_multirole.TestSwitchView" name="test_switch_view_invalid_value_rejected" time="0.443" /><testcase classname="backend.tests.test_phase52_multirole.TestProfileAvatarSource" name="test_uploaded_avatar_sets_avatar_source" time="0.482" /><testcase classname="backend.tests.test_phase52_multirole.TestRefreshGoogleAvatar" name="test_non_google_user_gets_400" time="0.408" /><testcase classname="backend.tests.test_phase52_multirole.TestRefreshGoogleAvatar" name="test_seeded_client_also_not_google" time="0.367" /><testcase classname="backend.tests.test_phase52_multirole.TestRegression" name="test_admin_login_and_me" time="0.387" /></testsuite></testsuites>