<?xml version="1.0" encoding="utf-8"?><testsuites name="pytest tests"><testsuite name="pytest" errors="0" failures="0" skipped="0" tests="22" time="4.809" timestamp="2026-05-23T19:51:33.913141+00:00" hostname="agent-env-5fea00b5-37f3-49c5-9521-8e803208718f"><testcase classname="backend.tests.test_phase7.TestAdminAnalytics" name="test_analytics_various_ranges[7]" time="0.516" /><testcase classname="backend.tests.test_phase7.TestAdminAnalytics" name="test_analytics_various_ranges[14]" time="0.069" /><testcase classname="backend.tests.test_phase7.TestAdminAnalytics" name="test_analytics_various_ranges[30]" time="0.101" /><testcase classname="backend.tests.test_phase7.TestAdminAnalytics" name="test_analytics_various_ranges[90]" time="0.180" /><testcase classname="backend.tests.test_phase7.TestAdminAnalytics" name="test_platform_revenue_formula" time="0.071" /><testcase classname="backend.tests.test_phase7.TestAdminAnalytics" name="test_analytics_requires_admin" time="0.428" /><testcase classname="backend.tests.test_phase7.TestAdminAnalytics" name="test_analytics_clamps_extreme_days" time="0.081" /><testcase classname="backend.tests.test_phase7.TestRegistration" name="test_register_specialist_with_categories_and_zones" time="0.380" /><testcase classname="backend.tests.test_phase7.TestRegistration" name="test_register_client_with_zone" time="0.364" /><testcase classname="backend.tests.test_phase7.TestRegistration" name="test_register_duplicate_rejected" time="0.177" /><testcase classname="backend.tests.test_phase7.TestLoginRateLimit" name="test_429_after_8_wrong_attempts" time="0.014" /><testcase classname="backend.tests.test_phase7.TestLoginRateLimit" name="test_rate_limit_window_resets" time="0.001" /><testcase classname="backend.tests.test_phase7.TestStripeDemoPayments" name="test_create_checkout_session_demo" time="0.543" /><testcase classname="backend.tests.test_phase7.TestStripeDemoPayments" name="test_payment_status_returns_paid" time="0.058" /><testcase classname="backend.tests.test_phase7.TestStripeDemoPayments" name="test_payment_status_missing_session" time="0.055" /><testcase classname="backend.tests.test_phase7.TestStripeDemoPayments" name="test_escrow_was_held_on_request" time="0.058" /><testcase classname="backend.tests.test_phase7.TestStripeDemoPayments" name="test_webhook_endpoint_exists" time="0.102" /><testcase classname="backend.tests.test_phase7.TestPhase6Regression" name="test_admin_stats" time="0.058" /><testcase classname="backend.tests.test_phase7.TestPhase6Regression" name="test_admin_disputes_list" time="0.057" /><testcase classname="backend.tests.test_phase7.TestPhase6Regression" name="test_admin_pending_specialists" time="0.052" /><testcase classname="backend.tests.test_phase7.TestPhase6Regression" name="test_operator_list_twins" time="0.800" /><testcase classname="backend.tests.test_phase7.TestPhase6Regression" name="test_specialist_documents_list" time="0.402" /></testsuite></testsuites>