<?xml version="1.0" encoding="utf-8"?><testsuites name="pytest tests"><testsuite name="pytest" errors="0" failures="0" skipped="0" tests="17" time="21.366" timestamp="2026-05-27T09:48:35.194587+00:00" hostname="agent-env-5fea00b5-37f3-49c5-9521-8e803208718f"><testcase classname="backend.tests.test_phase47.TestSecurityConfig" name="test_get_config_defaults" time="0.584" /><testcase classname="backend.tests.test_phase47.TestSecurityConfig" name="test_get_config_forbidden_for_non_admin" time="0.406" /><testcase classname="backend.tests.test_phase47.TestSecurityConfig" name="test_put_config_updates" time="0.056" /><testcase classname="backend.tests.test_phase47.TestSecurityConfig" name="test_security_events" time="0.055" /><testcase classname="backend.tests.test_phase47.TestConciergePublic" name="test_public_settings_client" time="0.051" /><testcase classname="backend.tests.test_phase47.TestConciergeChat" name="test_legit_message_client" time="7.319" /><testcase classname="backend.tests.test_phase47.TestConciergeChat" name="test_prompt_injection_blocked" time="0.062" /><testcase classname="backend.tests.test_phase47.TestConciergeChat" name="test_sensitive_data_blocked" time="0.056" /><testcase classname="backend.tests.test_phase47.TestConciergeChat" name="test_escalation_trigger" time="0.051" /><testcase classname="backend.tests.test_phase47.TestConciergeChat" name="test_specialist_role" time="8.540" /><testcase classname="backend.tests.test_phase47.TestConciergeChat" name="test_admin_cannot_chat" time="0.060" /><testcase classname="backend.tests.test_phase47.TestAdminConcierge" name="test_list_conversations" time="0.058" /><testcase classname="backend.tests.test_phase47.TestAdminConcierge" name="test_get_conversation_messages" time="2.875" /><testcase classname="backend.tests.test_phase47.TestAdminConcierge" name="test_stats" time="0.053" /><testcase classname="backend.tests.test_phase47.TestAdminConcierge" name="test_update_settings" time="0.075" /><testcase classname="backend.tests.test_phase47.TestAdminConcierge" name="test_block_and_unblock_user" time="0.716" /><testcase classname="backend.tests.test_phase47.TestAdminAIFindingsMirror" name="test_findings_have_security_or_concierge_patterns" time="0.077" /></testsuite></testsuites>