<?xml version="1.0" encoding="utf-8"?><testsuites name="pytest tests"><testsuite name="pytest" errors="0" failures="0" skipped="0" tests="11" time="22.674" timestamp="2026-06-03T21:29:36.348586+00:00" hostname="agent-env-5fea00b5-37f3-49c5-9521-8e803208718f"><testcase classname="backend.tests.test_phase69_qa_copilot" name="test_list_includes_session" time="1.019" /><testcase classname="backend.tests.test_phase69_qa_copilot" name="test_get_single_session" time="0.052" /><testcase classname="backend.tests.test_phase69_qa_copilot" name="test_non_admin_forbidden" time="0.418" /><testcase classname="backend.tests.test_phase69_qa_copilot" name="test_no_auth_forbidden" time="1.167" /><testcase classname="backend.tests.test_phase69_qa_copilot" name="test_finding_persisted" time="6.717" /><testcase classname="backend.tests.test_phase69_qa_copilot" name="test_generate_prompt" time="12.753" /><testcase classname="backend.tests.test_phase69_qa_copilot" name="test_patch_status_closed" time="0.125" /><testcase classname="backend.tests.test_phase69_qa_copilot" name="test_patch_invalid_status" time="0.051" /><testcase classname="backend.tests.test_phase69_qa_copilot" name="test_delete_finding" time="0.120" /><testcase classname="backend.tests.test_phase69_qa_copilot" name="test_delete_session" time="0.109" /><testcase classname="backend.tests.test_phase69_qa_copilot" name="test_requests_returns_specialist_fields" time="0.099" /></testsuite></testsuites>