<?xml version="1.0" encoding="utf-8"?><testsuites name="pytest tests"><testsuite name="pytest" errors="0" failures="1" skipped="0" tests="19" time="32.083" timestamp="2026-05-27T10:10:06.044001+00:00" hostname="agent-env-5fea00b5-37f3-49c5-9521-8e803208718f"><testcase classname="backend.tests.test_phase47b.TestRepairSuggesterLifecycle" name="test_01_generate_initial" time="17.245" /><testcase classname="backend.tests.test_phase47b.TestRepairSuggesterLifecycle" name="test_02_second_call_returns_cached" time="0.054" /><testcase classname="backend.tests.test_phase47b.TestRepairSuggesterLifecycle" name="test_03_get_endpoint" time="0.047" /><testcase classname="backend.tests.test_phase47b.TestRepairSuggesterLifecycle" name="test_04_regenerate_increments_count" time="13.402"><failure message="assert 0 &gt;= 1">backend/tests/test_phase47b.py:114: in test_04_regenerate_increments_count
    assert sug["regeneration_count"] &gt;= 1
E   assert 0 &gt;= 1</failure></testcase><testcase classname="backend.tests.test_phase47b.TestRepairSuggesterLifecycle" name="test_05_decide_invalid_returns_400" time="0.051" /><testcase classname="backend.tests.test_phase47b.TestRepairSuggesterLifecycle" name="test_06_mark_applied_before_approve_returns_400" time="0.049" /><testcase classname="backend.tests.test_phase47b.TestRepairSuggesterLifecycle" name="test_07_reject" time="0.047" /><testcase classname="backend.tests.test_phase47b.TestRepairSuggesterLifecycle" name="test_08_approve" time="0.044" /><testcase classname="backend.tests.test_phase47b.TestRepairSuggesterLifecycle" name="test_09_list_repair_suggestions" time="0.048" /><testcase classname="backend.tests.test_phase47b.TestRepairSuggesterLifecycle" name="test_10_mark_applied_after_approve_resolves_finding" time="0.145" /><testcase classname="backend.tests.test_phase47b.TestAuthzNonAdmin" name="test_suggest_repair_forbidden_for_client" time="0.436" /><testcase classname="backend.tests.test_phase47b.TestAuthzNonAdmin" name="test_get_repair_forbidden_for_client" time="0.048" /><testcase classname="backend.tests.test_phase47b.TestAuthzNonAdmin" name="test_decide_forbidden_for_client" time="0.054" /><testcase classname="backend.tests.test_phase47b.TestAuthzNonAdmin" name="test_mark_applied_forbidden_for_client" time="0.050" /><testcase classname="backend.tests.test_phase47b.TestAuthzNonAdmin" name="test_list_forbidden_for_client" time="0.050" /><testcase classname="backend.tests.test_phase47b.TestBadInput" name="test_invalid_finding_id_format" time="0.048" /><testcase classname="backend.tests.test_phase47b.TestBadInput" name="test_invalid_suggestion_id_decide" time="0.046" /><testcase classname="backend.tests.test_phase47b.TestCORS" name="test_cors_wildcard_returns_acao_star_and_no_credentials" time="0.107" /><testcase classname="backend.tests.test_phase47b.TestEmailProvider" name="test_email_service_console_fallback" time="0.002" /></testsuite></testsuites>