<?xml version="1.0" encoding="utf-8"?><testsuites name="pytest tests"><testsuite name="pytest" errors="0" failures="0" skipped="0" tests="13" time="3.222" timestamp="2026-05-25T21:02:09.253102+00:00" hostname="agent-env-5fea00b5-37f3-49c5-9521-8e803208718f"><testcase classname="backend.tests.test_phase16.TestDigestPreview" name="test_client_preview" time="0.419" /><testcase classname="backend.tests.test_phase16.TestDigestPreview" name="test_specialist_preview" time="0.383" /><testcase classname="backend.tests.test_phase16.TestDigestPreview" name="test_admin_preview" time="0.426" /><testcase classname="backend.tests.test_phase16.TestDigestPreview" name="test_operator_preview" time="0.382" /><testcase classname="backend.tests.test_phase16.TestDigestPreview" name="test_preview_requires_auth" time="0.121" /><testcase classname="backend.tests.test_phase16.TestAdminTrigger" name="test_admin_trigger_returns_counts" time="0.173" /><testcase classname="backend.tests.test_phase16.TestAdminTrigger" name="test_non_admin_trigger_forbidden" time="0.169" /><testcase classname="backend.tests.test_phase16.TestDigestPreference" name="test_set_disabled_then_enabled" time="0.194" /><testcase classname="backend.tests.test_phase16.TestDigestPreference" name="test_optout_skipped_in_admin_trigger" time="0.353" /><testcase classname="backend.tests.test_phase16.TestDigestPreference" name="test_preference_requires_auth" time="0.123" /><testcase classname="backend.tests.test_phase16.TestSchedulerRouting" name="test_digest_endpoints_registered" time="0.223" /><testcase classname="backend.tests.test_phase16.TestRegression" name="test_requests_have_last_event_key" time="0.058" /><testcase classname="backend.tests.test_phase16.TestRegression" name="test_activity_timeline_endpoint" time="0.105" /></testsuite></testsuites>