<?xml version="1.0" encoding="utf-8"?><testsuites name="pytest tests"><testsuite name="pytest" errors="0" failures="0" skipped="0" tests="15" time="3.613" timestamp="2026-05-27T19:16:10.669240+00:00" hostname="agent-env-5fea00b5-37f3-49c5-9521-8e803208718f"><testcase classname="backend.tests.test_phase_f_plans.TestUpload" name="test_upload_pdf_success" time="0.699" /><testcase classname="backend.tests.test_phase_f_plans.TestUpload" name="test_upload_rejects_non_pdf" time="0.054" /><testcase classname="backend.tests.test_phase_f_plans.TestUpload" name="test_upload_increments_plan_count" time="0.163" /><testcase classname="backend.tests.test_phase_f_plans.TestList" name="test_list_plans" time="0.152" /><testcase classname="backend.tests.test_phase_f_plans.TestList" name="test_list_filter_by_type" time="0.151" /><testcase classname="backend.tests.test_phase_f_plans.TestList" name="test_list_filter_no_match" time="0.153" /><testcase classname="backend.tests.test_phase_f_plans.TestServe" name="test_serve_pdf_auth" time="0.164" /><testcase classname="backend.tests.test_phase_f_plans.TestServe" name="test_serve_pdf_unauth" time="0.225" /><testcase classname="backend.tests.test_phase_f_plans.TestServe" name="test_path_traversal_blocked" time="0.149" /><testcase classname="backend.tests.test_phase_f_plans.TestServe" name="test_serve_nonexistent" time="0.052" /><testcase classname="backend.tests.test_phase_f_plans.TestPatch" name="test_patch_metadata" time="0.174" /><testcase classname="backend.tests.test_phase_f_plans.TestDelete" name="test_delete_plan" time="0.272" /><testcase classname="backend.tests.test_phase_f_plans.TestPermissions" name="test_client_no_dt_pro_403" time="0.432" /><testcase classname="backend.tests.test_phase_f_plans.TestPermissions" name="test_non_member_specialist" time="0.394" /><testcase classname="backend.tests.test_phase_f_plans.TestAdminStats" name="test_admin_stats_has_plans" time="0.110" /></testsuite></testsuites>