<?xml version="1.0" encoding="utf-8"?><testsuites name="pytest tests"><testsuite name="pytest" errors="0" failures="0" skipped="1" tests="19" time="2.642" timestamp="2026-05-27T23:03:56.439865+00:00" hostname="agent-env-5fea00b5-37f3-49c5-9521-8e803208718f"><testcase classname="backend.tests.test_phase30_dt_operator" name="test_a_grant_access_to_client" time="0.937" /><testcase classname="backend.tests.test_phase30_dt_operator" name="test_b_grant_access_to_specialist_400" time="0.450" /><testcase classname="backend.tests.test_phase30_dt_operator" name="test_b_grant_access_to_nonexistent_404" time="0.052" /><testcase classname="backend.tests.test_phase30_dt_operator" name="test_c_clients_queue_structure" time="0.054" /><testcase classname="backend.tests.test_phase30_dt_operator" name="test_c_clients_queue_filter_needs_setup" time="0.057" /><testcase classname="backend.tests.test_phase30_dt_operator" name="test_d_create_project_owner_is_client" time="0.059" /><testcase classname="backend.tests.test_phase30_dt_operator" name="test_d_create_project_mismatched_ids_400" time="0.052" /><testcase classname="backend.tests.test_phase30_dt_operator" name="test_d_create_project_without_dt_flag_400" time="0.188" /><testcase classname="backend.tests.test_phase30_dt_operator" name="test_d_create_project_for_non_client_should_be_blocked" time="0.056"><skipped type="pytest.xfail" message="Backend BUG: operator_create_project_for_client does not validate role=='client'. Specialist with stale digital_twin_pro=True gets a DT project created." /></testcase><testcase classname="backend.tests.test_phase30_dt_operator" name="test_e_upload_glb" time="0.057" /><testcase classname="backend.tests.test_phase30_dt_operator" name="test_f_skp_kind_archive" time="0.053" /><testcase classname="backend.tests.test_phase30_dt_operator" name="test_f_skp_model_url_not_updated" time="0.050" /><testcase classname="backend.tests.test_phase30_dt_operator" name="test_f_skp_downloadable" time="0.057" /><testcase classname="backend.tests.test_phase30_dt_operator" name="test_g_pdf_plan_uploaded" time="0.089" /><testcase classname="backend.tests.test_phase30_dt_operator" name="test_h_client_sees_project" time="0.053" /><testcase classname="backend.tests.test_phase30_dt_operator" name="test_h_client_sees_models" time="0.051" /><testcase classname="backend.tests.test_phase30_dt_operator" name="test_h_client_sees_plans" time="0.053" /><testcase classname="backend.tests.test_phase30_dt_operator" name="test_i_client_cannot_call_operator_routes" time="0.103" /><testcase classname="backend.tests.test_phase30_dt_operator" name="test_i_specialist_cannot_call_operator_routes" time="0.057" /></testsuite></testsuites>