<?xml version="1.0" encoding="utf-8"?><testsuites name="pytest tests"><testsuite name="pytest" errors="0" failures="0" skipped="0" tests="18" time="43.200" timestamp="2026-06-03T22:14:13.681989+00:00" hostname="agent-env-5fea00b5-37f3-49c5-9521-8e803208718f"><testcase classname="backend.tests.test_phase70_ai_control.TestOverviewAndConfig" name="test_overview_shape" time="1.172" /><testcase classname="backend.tests.test_phase70_ai_control.TestOverviewAndConfig" name="test_config_defaults" time="0.103" /><testcase classname="backend.tests.test_phase70_ai_control.TestOverviewAndConfig" name="test_update_temperature_persists" time="0.170" /><testcase classname="backend.tests.test_phase70_ai_control.TestOverviewAndConfig" name="test_reject_inactive_provider" time="0.052" /><testcase classname="backend.tests.test_phase70_ai_control.TestOverviewAndConfig" name="test_reject_unknown_provider" time="0.057" /><testcase classname="backend.tests.test_phase70_ai_control.TestOverviewAndConfig" name="test_providers_endpoint" time="0.051" /><testcase classname="backend.tests.test_phase70_ai_control.TestMemoryEngine" name="test_memory_filters" time="0.058" /><testcase classname="backend.tests.test_phase70_ai_control.TestMemoryEngine" name="test_qa_finding_creates_memory" time="7.415" /><testcase classname="backend.tests.test_phase70_ai_control.TestMemoryEngine" name="test_delete_single_memory" time="0.156" /><testcase classname="backend.tests.test_phase70_ai_control.TestMemoryEngine" name="test_reset_memories_for_user" time="6.488" /><testcase classname="backend.tests.test_phase70_ai_control.TestBugMemory" name="test_search_returns_items" time="0.059" /><testcase classname="backend.tests.test_phase70_ai_control.TestBugMemory" name="test_search_min_length" time="0.051" /><testcase classname="backend.tests.test_phase70_ai_control.TestKnowledgeGraph" name="test_graph_admin" time="0.051" /><testcase classname="backend.tests.test_phase70_ai_control.TestKnowledgeGraph" name="test_graph_client" time="0.049" /><testcase classname="backend.tests.test_phase70_ai_control.TestAuthGating" name="test_client_blocked_overview" time="19.777" /><testcase classname="backend.tests.test_phase70_ai_control.TestAuthGating" name="test_client_blocked_config" time="0.067" /><testcase classname="backend.tests.test_phase70_ai_control.TestAuthGating" name="test_client_blocked_memories" time="0.057" /><testcase classname="backend.tests.test_phase70_ai_control.TestFeatureFlag" name="test_disable_then_remember_skips" time="7.313" /></testsuite></testsuites>