<?xml version="1.0" encoding="utf-8"?><testsuites name="pytest tests"><testsuite name="pytest" errors="0" failures="0" skipped="0" tests="14" time="4.093" timestamp="2026-05-27T20:50:42.373396+00:00" hostname="agent-env-5fea00b5-37f3-49c5-9521-8e803208718f"><testcase classname="backend.tests.test_phase_i_approval.TestTokenIssuance" name="test_report_response_includes_approval_url" time="0.662" /><testcase classname="backend.tests.test_phase_i_approval.TestTokenIssuance" name="test_history_entry_has_approval_status_pending" time="0.129" /><testcase classname="backend.tests.test_phase_i_approval.TestJWTStructure" name="test_token_decodes_with_expected_claims" time="0.000" /><testcase classname="backend.tests.test_phase_i_approval.TestApproveInfoEndpoint" name="test_info_200_with_valid_token_no_auth" time="0.241" /><testcase classname="backend.tests.test_phase_i_approval.TestApproveInfoEndpoint" name="test_info_400_for_malformed_token" time="0.114" /><testcase classname="backend.tests.test_phase_i_approval.TestApproveInfoEndpoint" name="test_info_410_for_expired_token" time="0.144" /><testcase classname="backend.tests.test_phase_i_approval.TestApproveInfoEndpoint" name="test_info_400_for_wrong_type_token" time="0.115" /><testcase classname="backend.tests.test_phase_i_approval.TestApproveInfoEndpoint" name="test_info_400_for_tampered_signature" time="0.105" /><testcase classname="backend.tests.test_phase_i_approval.TestApproveDecideEndpoint" name="test_decide_confirmed_200" time="0.310" /><testcase classname="backend.tests.test_phase_i_approval.TestApproveDecideEndpoint" name="test_decide_needs_changes_200" time="0.163" /><testcase classname="backend.tests.test_phase_i_approval.TestApproveDecideEndpoint" name="test_decide_twice_returns_409" time="0.284" /><testcase classname="backend.tests.test_phase_i_approval.TestApproveDecideEndpoint" name="test_decide_invalid_decision_422" time="0.171" /><testcase classname="backend.tests.test_phase_i_approval.TestApproveDecideEndpoint" name="test_decide_with_malformed_token_400" time="0.117" /><testcase classname="backend.tests.test_phase_i_approval.TestSenderNotification" name="test_in_app_notification_created_for_sender" time="1.398" /></testsuite></testsuites>