<?xml version="1.0" encoding="utf-8"?><testsuites name="pytest tests"><testsuite name="pytest" errors="0" failures="0" skipped="0" tests="14" time="20.274" timestamp="2026-05-29T17:40:41.102902+00:00" hostname="agent-env-5fea00b5-37f3-49c5-9521-8e803208718f"><testcase classname="backend.tests.test_phase39_term_audit.TestClusters" name="test_clusters_seeded_5" time="0.884" /><testcase classname="backend.tests.test_phase39_term_audit.TestScanAndInconsistencies" name="test_scan_returns_inconsistencies" time="0.087" /><testcase classname="backend.tests.test_phase39_term_audit.TestScanAndInconsistencies" name="test_list_open_inconsistencies" time="0.058" /><testcase classname="backend.tests.test_phase39_term_audit.TestScanAndInconsistencies" name="test_ai_fix_uses_canonical" time="3.276" /><testcase classname="backend.tests.test_phase39_term_audit.TestScanAndInconsistencies" name="test_apply_fix_lifecycle" time="0.226" /><testcase classname="backend.tests.test_phase39_term_audit.TestScanAndInconsistencies" name="test_patch_status_dismissed" time="0.104" /><testcase classname="backend.tests.test_phase39_term_audit.TestScanAndInconsistencies" name="test_patch_status_invalid_400" time="0.114" /><testcase classname="backend.tests.test_phase39_term_audit.TestDiscoverAndAddCluster" name="test_discover" time="14.409" /><testcase classname="backend.tests.test_phase39_term_audit.TestDiscoverAndAddCluster" name="test_add_cluster_and_duplicate" time="0.187" /><testcase classname="backend.tests.test_phase39_term_audit.TestAutomationTerm" name="test_execute_term_tests" time="0.308" /><testcase classname="backend.tests.test_phase39_term_audit.TestRBAC" name="test_client_forbidden[GET-/admin/qa/term-audit/clusters-None]" time="0.408" /><testcase classname="backend.tests.test_phase39_term_audit.TestRBAC" name="test_client_forbidden[POST-/admin/qa/term-audit/scan-body1]" time="0.053" /><testcase classname="backend.tests.test_phase39_term_audit.TestRBAC" name="test_client_forbidden[GET-/admin/qa/term-audit/inconsistencies-None]" time="0.052" /><testcase classname="backend.tests.test_phase39_term_audit.TestRBAC" name="test_client_forbidden[POST-/admin/qa/term-audit/discover-body3]" time="0.054" /></testsuite></testsuites>