<?xml version="1.0" encoding="utf-8"?><testsuites name="pytest tests"><testsuite name="pytest" errors="0" failures="0" skipped="0" tests="14" time="3.155" timestamp="2026-06-04T01:50:44.016930+00:00" hostname="agent-env-5fea00b5-37f3-49c5-9521-8e803208718f"><testcase classname="tests.test_phase76_auto_match_schedule.TestScheduleAuthZ" name="test_get_schedule_requires_admin" time="1.248" /><testcase classname="tests.test_phase76_auto_match_schedule.TestScheduleAuthZ" name="test_put_schedule_requires_admin" time="0.268" /><testcase classname="tests.test_phase76_auto_match_schedule.TestScheduleGet" name="test_get_schedule_shape" time="0.060" /><testcase classname="tests.test_phase76_auto_match_schedule.TestSchedulePut" name="test_put_persists_valid_values" time="0.161" /><testcase classname="tests.test_phase76_auto_match_schedule.TestSchedulePut" name="test_put_rejects_interval_below_1" time="0.055" /><testcase classname="tests.test_phase76_auto_match_schedule.TestSchedulePut" name="test_put_rejects_interval_above_24" time="0.054" /><testcase classname="tests.test_phase76_auto_match_schedule.TestCronTick" name="test_cron_tick_skipped_when_disabled" time="0.354" /><testcase classname="tests.test_phase76_auto_match_schedule.TestCronTick" name="test_cron_tick_runs_when_enabled_then_not_due" time="0.060" /><testcase classname="tests.test_phase76_auto_match_schedule.TestLastCronRunPersisted" name="test_last_cron_run_populated" time="0.053" /><testcase classname="tests.test_phase76_auto_match_schedule.TestManualAndRegression" name="test_manual_run_uses_admin_manual_kind" time="0.052" /><testcase classname="tests.test_phase76_auto_match_schedule.TestManualAndRegression" name="test_manual_real_run_persists_with_admin_manual" time="0.122" /><testcase classname="tests.test_phase76_auto_match_schedule.TestManualAndRegression" name="test_autonomy_score" time="0.065" /><testcase classname="tests.test_phase76_auto_match_schedule.TestManualAndRegression" name="test_healthcheck_run" time="0.114" /><testcase classname="tests.test_phase76_auto_match_schedule.TestManualAndRegression" name="test_login_still_200" time="0.441" /></testsuite></testsuites>