<?xml version="1.0" encoding="utf-8"?><testsuites name="pytest tests"><testsuite name="pytest" errors="0" failures="0" skipped="0" tests="15" time="10.149" timestamp="2026-05-25T17:53:24.062088+00:00" hostname="agent-env-5fea00b5-37f3-49c5-9521-8e803208718f"><testcase classname="backend.tests.test_phase10.TestPortfolioPublic" name="test_public_portfolio_no_auth_returns_list" time="0.597" /><testcase classname="backend.tests.test_phase10.TestPortfolioPublic" name="test_public_portfolio_unknown_id_returns_empty" time="0.122" /><testcase classname="backend.tests.test_phase10.TestPortfolioOwnList" name="test_specialist_own_portfolio" time="0.434" /><testcase classname="backend.tests.test_phase10.TestPortfolioOwnList" name="test_client_cannot_list_specialist_portfolio" time="0.409" /><testcase classname="backend.tests.test_phase10.TestPortfolioCreate" name="test_create_with_url_cover" time="0.513" /><testcase classname="backend.tests.test_phase10.TestPortfolioCreate" name="test_create_with_small_base64" time="0.445" /><testcase classname="backend.tests.test_phase10.TestPortfolioCreate" name="test_create_oversized_base64_rejected" time="0.662" /><testcase classname="backend.tests.test_phase10.TestPortfolioCreate" name="test_create_invalid_payload_rejected" time="0.380" /><testcase classname="backend.tests.test_phase10.TestPortfolioCreate" name="test_client_cannot_create" time="0.457" /><testcase classname="backend.tests.test_phase10.TestPortfolioUpdateDelete" name="test_update_own_item" time="0.544" /><testcase classname="backend.tests.test_phase10.TestPortfolioUpdateDelete" name="test_update_other_specialist_item_404" time="0.898" /><testcase classname="backend.tests.test_phase10.TestPortfolioUpdateDelete" name="test_delete_own" time="0.495" /><testcase classname="backend.tests.test_phase10.TestPortfolioSeed" name="test_at_least_4_seeded_items" time="0.991" /><testcase classname="backend.tests.test_phase10.TestEmailConsole" name="test_register_triggers_console_log" time="2.410" /><testcase classname="backend.tests.test_phase10.TestEmailConsole" name="test_dispute_open_triggers_email_log" time="0.669" /></testsuite></testsuites>