<?xml version="1.0" encoding="utf-8"?><testsuites name="pytest tests"><testsuite name="pytest" errors="0" failures="0" skipped="0" tests="23" time="8.471" timestamp="2026-05-25T19:33:40.968200+00:00" hostname="agent-env-5fea00b5-37f3-49c5-9521-8e803208718f"><testcase classname="backend.tests.test_phase12.TestVapidPublicKey" name="test_public_key_no_auth" time="0.222" /><testcase classname="backend.tests.test_phase12.TestPushSubscribe" name="test_subscribe_requires_auth" time="0.107" /><testcase classname="backend.tests.test_phase12.TestPushSubscribe" name="test_subscribe_and_idempotent" time="0.552" /><testcase classname="backend.tests.test_phase12.TestReferralStats" name="test_referral_endpoint_shape" time="0.053" /><testcase classname="backend.tests.test_phase12.TestRegisterWithReferrer" name="test_invalid_referrer_id_silently_ignored" time="0.399" /><testcase classname="backend.tests.test_phase12.TestRegisterWithReferrer" name="test_valid_referrer_id_stored" time="0.368" /><testcase classname="backend.tests.test_phase12.TestReferralEndToEnd" name="test_first_confirm_pays_sponsor_500_tokens" time="1.649" /><testcase classname="backend.tests.test_phase12.TestReferralEndToEnd" name="test_second_confirm_does_not_pay_again" time="0.681" /><testcase classname="backend.tests.test_phase12.TestContactForm" name="test_requires_auth" time="0.105" /><testcase classname="backend.tests.test_phase12.TestContactForm" name="test_validates_min_length" time="0.100" /><testcase classname="backend.tests.test_phase12.TestContactForm" name="test_success" time="0.049" /><testcase classname="backend.tests.test_phase12.TestRegressionSmoke" name="test_demo_logins_work" time="1.429" /><testcase classname="backend.tests.test_phase12.TestRegressionSmoke" name="test_properties_list_for_client" time="0.047" /><testcase classname="backend.tests.test_phase12.TestRegressionSmoke" name="test_requests_list" time="0.054" /><testcase classname="backend.tests.test_phase13.TestDemoLogins" name="test_demo_logins_all_roles" time="0.909" /><testcase classname="backend.tests.test_phase13.TestTwinStatusEnrichment" name="test_properties_list_contains_twin_status_field" time="0.273" /><testcase classname="backend.tests.test_phase13.TestFreshClientFullCycle" name="test_step1_fresh_client_empty_properties" time="0.274" /><testcase classname="backend.tests.test_phase13.TestFreshClientFullCycle" name="test_step2_create_property_returns_in_list_with_null_twin" time="0.090" /><testcase classname="backend.tests.test_phase13.TestFreshClientFullCycle" name="test_step3_request_twin_sets_pending_validation" time="0.094" /><testcase classname="backend.tests.test_phase13.TestFreshClientFullCycle" name="test_step4_operator_sees_twin_in_list" time="0.274" /><testcase classname="backend.tests.test_phase13.TestFreshClientFullCycle" name="test_step5_operator_approves_and_client_sees_approved" time="0.050" /><testcase classname="backend.tests.test_phase13.TestFreshClientFullCycle" name="test_step6_cleanup_fresh_client_data" time="0.044" /><testcase classname="backend.tests.test_phase13.TestNeedsRevisionFlow" name="test_needs_revision_then_resubmit" time="0.501" /></testsuite></testsuites>