<?xml version="1.0" encoding="utf-8"?><testsuites name="pytest tests"><testsuite name="pytest" errors="0" failures="0" skipped="0" tests="21" time="7.137" timestamp="2026-06-03T17:35:07.039357+00:00" hostname="agent-env-5fea00b5-37f3-49c5-9521-8e803208718f"><testcase classname="backend.tests.test_verified_estate.TestPublicListings" name="test_browse_listings" time="4.533" /><testcase classname="backend.tests.test_verified_estate.TestPublicListings" name="test_filter_sale" time="0.061" /><testcase classname="backend.tests.test_verified_estate.TestPublicListings" name="test_filter_rent_zero" time="0.062" /><testcase classname="backend.tests.test_verified_estate.TestPublicListings" name="test_filter_city" time="0.055" /><testcase classname="backend.tests.test_verified_estate.TestPublicListings" name="test_filter_rooms" time="0.058" /><testcase classname="backend.tests.test_verified_estate.TestPublicListings" name="test_detail_404_invalid" time="0.054" /><testcase classname="backend.tests.test_verified_estate.TestPublicListings" name="test_detail_ok" time="0.124" /><testcase classname="backend.tests.test_verified_estate.TestPricing" name="test_pricing" time="0.060" /><testcase classname="backend.tests.test_verified_estate.TestInquiry" name="test_create_inquiry" time="0.115" /><testcase classname="backend.tests.test_verified_estate.TestInquiry" name="test_create_inquiry_bad_listing" time="0.108" /><testcase classname="backend.tests.test_verified_estate.TestExternalAudit" name="test_external_request" time="0.066" /><testcase classname="backend.tests.test_verified_estate.TestCheckoutDemo" name="test_checkout_demo_bundle" time="0.126" /><testcase classname="backend.tests.test_verified_estate.TestAdminAuthGate" name="test_admin_endpoints_require_auth" time="0.371" /><testcase classname="backend.tests.test_verified_estate.TestAdminEndpoints" name="test_stats" time="0.484" /><testcase classname="backend.tests.test_verified_estate.TestAdminEndpoints" name="test_admin_list_all_statuses" time="0.068" /><testcase classname="backend.tests.test_verified_estate.TestAdminEndpoints" name="test_admin_list_published" time="0.064" /><testcase classname="backend.tests.test_verified_estate.TestAdminEndpoints" name="test_admin_inquiries" time="0.061" /><testcase classname="backend.tests.test_verified_estate.TestAdminEndpoints" name="test_admin_external" time="0.060" /><testcase classname="backend.tests.test_verified_estate.TestAdminEndpoints" name="test_admin_orders" time="0.058" /><testcase classname="backend.tests.test_verified_estate.TestAdminGatesEnforcement" name="test_create_draft_without_gates_then_publish_fails" time="0.176" /><testcase classname="backend.tests.test_verified_estate.TestAdminGatesEnforcement" name="test_archive_published_demo_removes_from_public" time="0.318" /></testsuite></testsuites>